Build started 3/4/2015 9:44:10 AM.
     1>Project "C:\Users\A_K_Yadav\Documents\xtra\code_practice\reverse_number\reverse_number\reverse_number.vcxproj" on node 2 (build target(s)).
     1>InitializeBuildStatus:
         Creating "Release\reverse_number.unsuccessfulbuild" because "AlwaysCreate" was specified.
       ClCompile:
         All outputs are up-to-date.
         c:\Program Files (x86)\Microsoft Visual Studio 10.0\VC\bin\CL.exe /c /Zi /nologo /W3 /WX- /O2 /Oi /Oy- /GL /D WIN32 /D NDEBUG /D _CONSOLE /D _UNICODE /D UNICODE /Gm- /EHsc /MD /GS /Gy /fp:precise /Zc:wchar_t /Zc:forScope /Yu"StdAfx.h" /Fp"Release\reverse_number.pch" /Fo"Release\\" /Fd"Release\vc100.pdb" /Gd /TP /analyze- /errorReport:prompt reverse_number.cpp
         reverse_number.cpp
       Link:
         c:\Program Files (x86)\Microsoft Visual Studio 10.0\VC\bin\link.exe /ERRORREPORT:PROMPT /OUT:"C:\Users\A_K_Yadav\Documents\xtra\code_practice\reverse_number\Release\reverse_number.exe" /INCREMENTAL:NO /NOLOGO kernel32.lib user32.lib gdi32.lib winspool.lib comdlg32.lib advapi32.lib shell32.lib ole32.lib oleaut32.lib uuid.lib odbc32.lib odbccp32.lib /MANIFEST /ManifestFile:"Release\reverse_number.exe.intermediate.manifest" /MANIFESTUAC:"level='asInvoker' uiAccess='false'" /DEBUG /PDB:"C:\Users\A_K_Yadav\Documents\xtra\code_practice\reverse_number\Release\reverse_number.pdb" /SUBSYSTEM:CONSOLE /OPT:REF /OPT:ICF /LTCG /TLBID:1 /DYNAMICBASE /NXCOMPAT /IMPLIB:"C:\Users\A_K_Yadav\Documents\xtra\code_practice\reverse_number\Release\reverse_number.lib" /MACHINE:X86 Release\reverse_number.obj
         Release\stdafx.obj
         Generating code
         Finished generating code
         reverse_number.vcxproj -> C:\Users\A_K_Yadav\Documents\xtra\code_practice\reverse_number\Release\reverse_number.exe
       Manifest:
         c:\Program Files (x86)\Microsoft SDKs\Windows\v7.0A\bin\mt.exe /nologo /verbose /outputresource:"C:\Users\A_K_Yadav\Documents\xtra\code_practice\reverse_number\Release\reverse_number.exe;#1" /manifest Release\reverse_number.exe.intermediate.manifest
       FinalizeBuildStatus:
         Deleting file "Release\reverse_number.unsuccessfulbuild".
         Touching "Release\reverse_number.lastbuildstate".
     1>Done Building Project "C:\Users\A_K_Yadav\Documents\xtra\code_practice\reverse_number\reverse_number\reverse_number.vcxproj" (build target(s)).

Build succeeded.

Time Elapsed 00:00:24.91
