Build started 11/14/2014 8:53:18 AM.
     1>Project "C:\Users\A_K_Yadav\Documents\xtra\code_practice\bst_impl\bst_impl\bst_impl.vcxproj" on node 2 (build target(s)).
     1>InitializeBuildStatus:
         Touching "Debug\bst_impl.unsuccessfulbuild".
       GenerateTargetFrameworkMonikerAttribute:
       Skipping target "GenerateTargetFrameworkMonikerAttribute" because all output files are up-to-date with respect to the input files.
       ClCompile:
         All outputs are up-to-date.
         c:\Program Files (x86)\Microsoft Visual Studio 10.0\VC\bin\CL.exe /c /AI"C:\Program Files (x86)\Reference Assemblies\Microsoft\Framework\.NETFramework\v4.0" /Zi /clr /nologo /W3 /WX- /Od /Oy- /D WIN32 /D _DEBUG /D _UNICODE /D UNICODE /EHa /MDd /GS /fp:precise /Zc:wchar_t /Zc:forScope /Yu"StdAfx.h" /Fp"Debug\bst_impl.pch" /Fo"Debug\\" /Fd"Debug\vc100.pdb" /TP /FU"C:\Program Files (x86)\Reference Assemblies\Microsoft\Framework\.NETFramework\v4.0\System.Core.dll" /FU"C:\Program Files (x86)\Reference Assemblies\Microsoft\Framework\.NETFramework\v4.0\System.Data.dll" /FU"C:\Program Files (x86)\Reference Assemblies\Microsoft\Framework\.NETFramework\v4.0\System.dll" /FU"C:\Program Files (x86)\Reference Assemblies\Microsoft\Framework\.NETFramework\v4.0\System.Xml.dll" /analyze- /errorReport:prompt bst_impl.cpp /clr:nostdlib 
         bst_impl.cpp
         c:\Program Files (x86)\Microsoft Visual Studio 10.0\VC\bin\CL.exe /c /Zi /clr /nologo /W3 /WX- /Od /Oy- /D WIN32 /D _DEBUG /D _UNICODE /D UNICODE /EHa /MDd /GS /fp:precise /Zc:wchar_t /Zc:forScope /Fo"Debug\\" /Fd"Debug\vc100.pdb" /TP /analyze- /errorReport:prompt "C:\Users\A_K_Yadav\AppData\Local\Temp\.NETFramework,Version=v4.0.AssemblyAttributes.cpp"
         .NETFramework,Version=v4.0.AssemblyAttributes.cpp
       ResourceCompile:
         c:\Program Files (x86)\Microsoft SDKs\Windows\v7.0A\bin\rc.exe /D _UNICODE /D UNICODE /l"0x0409" /nologo /fo"Debug\app.res" app.rc 
       Link:
         c:\Program Files (x86)\Microsoft Visual Studio 10.0\VC\bin\link.exe /ERRORREPORT:PROMPT /OUT:"C:\Users\A_K_Yadav\Documents\xtra\code_practice\bst_impl\Debug\bst_impl.exe" /INCREMENTAL /NOLOGO /MANIFEST /ManifestFile:"Debug\bst_impl.exe.intermediate.manifest" /MANIFESTUAC:"level='asInvoker' uiAccess='false'" /DEBUG /PDB:"C:\Users\A_K_Yadav\Documents\xtra\code_practice\bst_impl\Debug\bst_impl.pdb" /ASSEMBLYDEBUG /TLBID:1 /DYNAMICBASE /FIXED:NO /NXCOMPAT /MACHINE:X86 Debug\app.res
         Debug\AssemblyInfo.obj
         Debug\bst_impl.obj
         Debug\stdafx.obj
         "Debug\.NETFramework,Version=v4.0.AssemblyAttributes.obj"
         bst_impl.vcxproj -> C:\Users\A_K_Yadav\Documents\xtra\code_practice\bst_impl\Debug\bst_impl.exe
       Manifest:
         c:\Program Files (x86)\Microsoft SDKs\Windows\v7.0A\bin\mt.exe /nologo /verbose /outputresource:"C:\Users\A_K_Yadav\Documents\xtra\code_practice\bst_impl\Debug\bst_impl.exe;#1" /manifest Debug\bst_impl.exe.intermediate.manifest
       FinalizeBuildStatus:
         Deleting file "Debug\bst_impl.unsuccessfulbuild".
         Touching "Debug\bst_impl.lastbuildstate".
     1>Done Building Project "C:\Users\A_K_Yadav\Documents\xtra\code_practice\bst_impl\bst_impl\bst_impl.vcxproj" (build target(s)).

Build succeeded.

Time Elapsed 00:00:39.95
