Build started 4/18/2015 1:14:28 PM.
     1>Project "C:\Users\A_K_Yadav\Documents\xtra\portal\cpp\hacker\TwoArraysAlternateSum_Pramata\TwoArraysAlternateSum_Pramata\TwoArraysAlternateSum_Pramata.vcxproj" on node 2 (build target(s)).
     1>InitializeBuildStatus:
         Creating "Release\TwoArraysAlternateSum_Pramata.unsuccessfulbuild" because "AlwaysCreate" was specified.
       ClCompile:
         All outputs are up-to-date.
         c:\Program Files (x86)\Microsoft Visual Studio 10.0\VC\bin\CL.exe /c /Zi /nologo /W3 /WX- /O2 /Oi /Oy- /GL /D WIN32 /D NDEBUG /D _CONSOLE /D _UNICODE /D UNICODE /Gm- /EHsc /MD /GS /Gy /fp:precise /Zc:wchar_t /Zc:forScope /Yu"StdAfx.h" /Fp"Release\TwoArraysAlternateSum_Pramata.pch" /Fo"Release\\" /Fd"Release\vc100.pdb" /Gd /TP /analyze- /errorReport:prompt TwoArraysAlternateSum_Pramata.cpp
         TwoArraysAlternateSum_Pramata.cpp
       Link:
         c:\Program Files (x86)\Microsoft Visual Studio 10.0\VC\bin\link.exe /ERRORREPORT:PROMPT /OUT:"C:\Users\A_K_Yadav\Documents\xtra\portal\cpp\hacker\TwoArraysAlternateSum_Pramata\Release\TwoArraysAlternateSum_Pramata.exe" /INCREMENTAL:NO /NOLOGO kernel32.lib user32.lib gdi32.lib winspool.lib comdlg32.lib advapi32.lib shell32.lib ole32.lib oleaut32.lib uuid.lib odbc32.lib odbccp32.lib /MANIFEST /ManifestFile:"Release\TwoArraysAlternateSum_Pramata.exe.intermediate.manifest" /MANIFESTUAC:"level='asInvoker' uiAccess='false'" /DEBUG /PDB:"C:\Users\A_K_Yadav\Documents\xtra\portal\cpp\hacker\TwoArraysAlternateSum_Pramata\Release\TwoArraysAlternateSum_Pramata.pdb" /SUBSYSTEM:CONSOLE /OPT:REF /OPT:ICF /LTCG /TLBID:1 /DYNAMICBASE /NXCOMPAT /IMPLIB:"C:\Users\A_K_Yadav\Documents\xtra\portal\cpp\hacker\TwoArraysAlternateSum_Pramata\Release\TwoArraysAlternateSum_Pramata.lib" /MACHINE:X86 Release\stdafx.obj
         Release\TwoArraysAlternateSum_Pramata.obj
         Generating code
         Finished generating code
         TwoArraysAlternateSum_Pramata.vcxproj -> C:\Users\A_K_Yadav\Documents\xtra\portal\cpp\hacker\TwoArraysAlternateSum_Pramata\Release\TwoArraysAlternateSum_Pramata.exe
       Manifest:
         c:\Program Files (x86)\Microsoft SDKs\Windows\v7.0A\bin\mt.exe /nologo /verbose /outputresource:"C:\Users\A_K_Yadav\Documents\xtra\portal\cpp\hacker\TwoArraysAlternateSum_Pramata\Release\TwoArraysAlternateSum_Pramata.exe;#1" /manifest Release\TwoArraysAlternateSum_Pramata.exe.intermediate.manifest
       FinalizeBuildStatus:
         Deleting file "Release\TwoArraysAlternateSum_Pramata.unsuccessfulbuild".
         Touching "Release\TwoArraysAlternateSum_Pramata.lastbuildstate".
     1>Done Building Project "C:\Users\A_K_Yadav\Documents\xtra\portal\cpp\hacker\TwoArraysAlternateSum_Pramata\TwoArraysAlternateSum_Pramata\TwoArraysAlternateSum_Pramata.vcxproj" (build target(s)).

Build succeeded.

Time Elapsed 00:00:01.86
