Build started 4/26/2015 10:13:03 PM.
     1>Project "C:\Users\A_K_Yadav\Documents\xtra\portal\cpp\earth\PolicyBazaarPrimeString\PolicyBazaarPrimeString\PolicyBazaarPrimeString.vcxproj" on node 2 (build target(s)).
     1>InitializeBuildStatus:
         Creating "Release\PolicyBazaarPrimeString.unsuccessfulbuild" because "AlwaysCreate" was specified.
       ClCompile:
         All outputs are up-to-date.
         c:\Program Files (x86)\Microsoft Visual Studio 10.0\VC\bin\CL.exe /c /Zi /nologo /W3 /WX- /O2 /Oi /Oy- /GL /D WIN32 /D NDEBUG /D _CONSOLE /D _UNICODE /D UNICODE /Gm- /EHsc /MD /GS /Gy /fp:precise /Zc:wchar_t /Zc:forScope /Yu"StdAfx.h" /Fp"Release\PolicyBazaarPrimeString.pch" /Fo"Release\\" /Fd"Release\vc100.pdb" /Gd /TP /analyze- /errorReport:prompt PolicyBazaarPrimeString.cpp
         PolicyBazaarPrimeString.cpp
     1>PolicyBazaarPrimeString.cpp(40): warning C4101: 'l' : unreferenced local variable
       Link:
         c:\Program Files (x86)\Microsoft Visual Studio 10.0\VC\bin\link.exe /ERRORREPORT:PROMPT /OUT:"C:\Users\A_K_Yadav\Documents\xtra\portal\cpp\earth\PolicyBazaarPrimeString\Release\PolicyBazaarPrimeString.exe" /INCREMENTAL:NO /NOLOGO kernel32.lib user32.lib gdi32.lib winspool.lib comdlg32.lib advapi32.lib shell32.lib ole32.lib oleaut32.lib uuid.lib odbc32.lib odbccp32.lib /MANIFEST /ManifestFile:"Release\PolicyBazaarPrimeString.exe.intermediate.manifest" /MANIFESTUAC:"level='asInvoker' uiAccess='false'" /DEBUG /PDB:"C:\Users\A_K_Yadav\Documents\xtra\portal\cpp\earth\PolicyBazaarPrimeString\Release\PolicyBazaarPrimeString.pdb" /SUBSYSTEM:CONSOLE /OPT:REF /OPT:ICF /LTCG /TLBID:1 /DYNAMICBASE /NXCOMPAT /IMPLIB:"C:\Users\A_K_Yadav\Documents\xtra\portal\cpp\earth\PolicyBazaarPrimeString\Release\PolicyBazaarPrimeString.lib" /MACHINE:X86 Release\PolicyBazaarPrimeString.obj
         Release\stdafx.obj
         Generating code
         Finished generating code
         PolicyBazaarPrimeString.vcxproj -> C:\Users\A_K_Yadav\Documents\xtra\portal\cpp\earth\PolicyBazaarPrimeString\Release\PolicyBazaarPrimeString.exe
       Manifest:
         c:\Program Files (x86)\Microsoft SDKs\Windows\v7.0A\bin\mt.exe /nologo /verbose /outputresource:"C:\Users\A_K_Yadav\Documents\xtra\portal\cpp\earth\PolicyBazaarPrimeString\Release\PolicyBazaarPrimeString.exe;#1" /manifest Release\PolicyBazaarPrimeString.exe.intermediate.manifest
       FinalizeBuildStatus:
         Deleting file "Release\PolicyBazaarPrimeString.unsuccessfulbuild".
         Touching "Release\PolicyBazaarPrimeString.lastbuildstate".
     1>Done Building Project "C:\Users\A_K_Yadav\Documents\xtra\portal\cpp\earth\PolicyBazaarPrimeString\PolicyBazaarPrimeString\PolicyBazaarPrimeString.vcxproj" (build target(s)).

Build succeeded.

Time Elapsed 00:00:27.49
