C:\USERS\A_K_YADAV\DOCUMENTS\XTRA\CODE_PRACTICE\PERMUTE_STRING\DEBUG\PERMUTE_STRING.EXE
C:\USERS\A_K_YADAV\DOCUMENTS\XTRA\CODE_PRACTICE\PERMUTE_STRING\DEBUG\PERMUTE_STRING.ILK
C:\USERS\A_K_YADAV\DOCUMENTS\XTRA\CODE_PRACTICE\PERMUTE_STRING\DEBUG\PERMUTE_STRING.PDB
C:\USERS\A_K_YADAV\DOCUMENTS\XTRA\CODE_PRACTICE\PERMUTE_STRING\PERMUTE_STRING\DEBUG\.NETFRAMEWORK,VERSION=V4.0.ASSEMBLYATTRIBUTES.OBJ
C:\USERS\A_K_YADAV\DOCUMENTS\XTRA\CODE_PRACTICE\PERMUTE_STRING\PERMUTE_STRING\DEBUG\APP.RES
C:\USERS\A_K_YADAV\DOCUMENTS\XTRA\CODE_PRACTICE\PERMUTE_STRING\PERMUTE_STRING\DEBUG\ASSEMBLYINFO.OBJ
C:\Users\A_K_Yadav\Documents\xtra\code_practice\permute_string\permute_string\Debug\cl.command.1.tlog
C:\Users\A_K_Yadav\Documents\xtra\code_practice\permute_string\permute_string\Debug\CL.read.1.tlog
C:\Users\A_K_Yadav\Documents\xtra\code_practice\permute_string\permute_string\Debug\CL.write.1.tlog
C:\Users\A_K_Yadav\Documents\xtra\code_practice\permute_string\permute_string\Debug\link.4380.read.1.tlog
C:\Users\A_K_Yadav\Documents\xtra\code_practice\permute_string\permute_string\Debug\link.4380.write.1.tlog
C:\Users\A_K_Yadav\Documents\xtra\code_practice\permute_string\permute_string\Debug\link.4380-cvtres.read.1.tlog
C:\Users\A_K_Yadav\Documents\xtra\code_practice\permute_string\permute_string\Debug\link.4380-cvtres.write.1.tlog
C:\Users\A_K_Yadav\Documents\xtra\code_practice\permute_string\permute_string\Debug\link.command.1.tlog
C:\Users\A_K_Yadav\Documents\xtra\code_practice\permute_string\permute_string\Debug\link.read.1.tlog
C:\Users\A_K_Yadav\Documents\xtra\code_practice\permute_string\permute_string\Debug\link.write.1.tlog
C:\Users\A_K_Yadav\Documents\xtra\code_practice\permute_string\permute_string\Debug\metagen.read.1.tlog
C:\Users\A_K_Yadav\Documents\xtra\code_practice\permute_string\permute_string\Debug\metagen.write.1.tlog
C:\Users\A_K_Yadav\Documents\xtra\code_practice\permute_string\permute_string\Debug\mt.command.1.tlog
C:\Users\A_K_Yadav\Documents\xtra\code_practice\permute_string\permute_string\Debug\mt.read.1.tlog
C:\Users\A_K_Yadav\Documents\xtra\code_practice\permute_string\permute_string\Debug\mt.write.1.tlog
C:\USERS\A_K_YADAV\DOCUMENTS\XTRA\CODE_PRACTICE\PERMUTE_STRING\PERMUTE_STRING\DEBUG\PERMUTE_STRING.EXE.INTERMEDIATE.MANIFEST
C:\USERS\A_K_YADAV\DOCUMENTS\XTRA\CODE_PRACTICE\PERMUTE_STRING\PERMUTE_STRING\DEBUG\PERMUTE_STRING.OBJ
C:\USERS\A_K_YADAV\DOCUMENTS\XTRA\CODE_PRACTICE\PERMUTE_STRING\PERMUTE_STRING\DEBUG\PERMUTE_STRING.PCH
C:\Users\A_K_Yadav\Documents\xtra\code_practice\permute_string\permute_string\Debug\permute_string.write.1.tlog
C:\Users\A_K_Yadav\Documents\xtra\code_practice\permute_string\permute_string\Debug\rc.command.1.tlog
C:\Users\A_K_Yadav\Documents\xtra\code_practice\permute_string\permute_string\Debug\rc.read.1.tlog
C:\Users\A_K_Yadav\Documents\xtra\code_practice\permute_string\permute_string\Debug\rc.write.1.tlog
C:\Users\A_K_Yadav\Documents\xtra\code_practice\permute_string\permute_string\Debug\RSAENH.DLL.bi
C:\USERS\A_K_YADAV\DOCUMENTS\XTRA\CODE_PRACTICE\PERMUTE_STRING\PERMUTE_STRING\DEBUG\STDAFX.OBJ
C:\Users\A_K_Yadav\Documents\xtra\code_practice\permute_string\permute_string\Debug\TZRES.DLL.bi
C:\USERS\A_K_YADAV\DOCUMENTS\XTRA\CODE_PRACTICE\PERMUTE_STRING\PERMUTE_STRING\DEBUG\VC100.PDB
