Build started 4/12/2015 4:22:25 PM.
     1>Project "C:\Users\A_K_Yadav\Documents\xtra\portal\cpp\hacker\palindromeMinInsert\palindromeMinInsert\palindromeMinInsert.vcxproj" on node 2 (build target(s)).
     1>InitializeBuildStatus:
         Creating "Release\palindromeMinInsert.unsuccessfulbuild" because "AlwaysCreate" was specified.
       ClCompile:
         All outputs are up-to-date.
         c:\Program Files (x86)\Microsoft Visual Studio 10.0\VC\bin\CL.exe /c /Zi /nologo /W3 /WX- /O2 /Oi /Oy- /GL /D WIN32 /D NDEBUG /D _CONSOLE /D _UNICODE /D UNICODE /Gm- /EHsc /MD /GS /Gy /fp:precise /Zc:wchar_t /Zc:forScope /Yu"StdAfx.h" /Fp"Release\palindromeMinInsert.pch" /Fo"Release\\" /Fd"Release\vc100.pdb" /Gd /TP /analyze- /errorReport:prompt palindromeMinInsert.cpp
         palindromeMinInsert.cpp
     1>palindromeMinInsert.cpp(13): warning C4005: 'INT_MIN' : macro redefinition
                 c:\Program Files (x86)\Microsoft Visual Studio 10.0\VC\include\limits.h(40) : see previous definition of 'INT_MIN'
     1>palindromeMinInsert.cpp(37): warning C4996: 'getch': The POSIX name for this item is deprecated. Instead, use the ISO C++ conformant name: _getch. See online help for details.
                 c:\Program Files (x86)\Microsoft Visual Studio 10.0\VC\include\conio.h(128) : see declaration of 'getch'
     1>palindromeMinInsert.cpp(74): warning C4018: '<' : signed/unsigned mismatch
       Link:
         c:\Program Files (x86)\Microsoft Visual Studio 10.0\VC\bin\link.exe /ERRORREPORT:PROMPT /OUT:"C:\Users\A_K_Yadav\Documents\xtra\portal\cpp\hacker\palindromeMinInsert\Release\palindromeMinInsert.exe" /INCREMENTAL:NO /NOLOGO kernel32.lib user32.lib gdi32.lib winspool.lib comdlg32.lib advapi32.lib shell32.lib ole32.lib oleaut32.lib uuid.lib odbc32.lib odbccp32.lib /MANIFEST /ManifestFile:"Release\palindromeMinInsert.exe.intermediate.manifest" /MANIFESTUAC:"level='asInvoker' uiAccess='false'" /DEBUG /PDB:"C:\Users\A_K_Yadav\Documents\xtra\portal\cpp\hacker\palindromeMinInsert\Release\palindromeMinInsert.pdb" /SUBSYSTEM:CONSOLE /OPT:REF /OPT:ICF /LTCG /TLBID:1 /DYNAMICBASE /NXCOMPAT /IMPLIB:"C:\Users\A_K_Yadav\Documents\xtra\portal\cpp\hacker\palindromeMinInsert\Release\palindromeMinInsert.lib" /MACHINE:X86 Release\palindromeMinInsert.obj
         Release\stdafx.obj
         Generating code
         Finished generating code
         palindromeMinInsert.vcxproj -> C:\Users\A_K_Yadav\Documents\xtra\portal\cpp\hacker\palindromeMinInsert\Release\palindromeMinInsert.exe
       Manifest:
         c:\Program Files (x86)\Microsoft SDKs\Windows\v7.0A\bin\mt.exe /nologo /verbose /outputresource:"C:\Users\A_K_Yadav\Documents\xtra\portal\cpp\hacker\palindromeMinInsert\Release\palindromeMinInsert.exe;#1" /manifest Release\palindromeMinInsert.exe.intermediate.manifest
       FinalizeBuildStatus:
         Deleting file "Release\palindromeMinInsert.unsuccessfulbuild".
         Touching "Release\palindromeMinInsert.lastbuildstate".
     1>Done Building Project "C:\Users\A_K_Yadav\Documents\xtra\portal\cpp\hacker\palindromeMinInsert\palindromeMinInsert\palindromeMinInsert.vcxproj" (build target(s)).

Build succeeded.

Time Elapsed 00:00:02.44
