Build started 4/18/2015 12:53:36 PM.
     1>Project "C:\Users\A_K_Yadav\Documents\xtra\portal\cpp\hacker\TwoArraysAlternateSum_Pramata\TwoArraysAlternateSum_Pramata\TwoArraysAlternateSum_Pramata.vcxproj" on node 2 (build target(s)).
     1>PrepareForBuild:
         Creating directory "C:\Users\A_K_Yadav\Documents\xtra\portal\cpp\hacker\TwoArraysAlternateSum_Pramata\Debug\".
       InitializeBuildStatus:
         Creating "Debug\TwoArraysAlternateSum_Pramata.unsuccessfulbuild" because "AlwaysCreate" was specified.
       ClCompile:
         c:\Program Files (x86)\Microsoft Visual Studio 10.0\VC\bin\CL.exe /c /ZI /nologo /W3 /WX- /Od /Oy- /D WIN32 /D _DEBUG /D _CONSOLE /D _UNICODE /D UNICODE /Gm /EHsc /RTC1 /MDd /GS /fp:precise /Zc:wchar_t /Zc:forScope /Yc"StdAfx.h" /Fp"Debug\TwoArraysAlternateSum_Pramata.pch" /Fo"Debug\\" /Fd"Debug\vc100.pdb" /Gd /TP /analyze- /errorReport:prompt stdafx.cpp
         stdafx.cpp
         c:\Program Files (x86)\Microsoft Visual Studio 10.0\VC\bin\CL.exe /c /ZI /nologo /W3 /WX- /Od /Oy- /D WIN32 /D _DEBUG /D _CONSOLE /D _UNICODE /D UNICODE /Gm /EHsc /RTC1 /MDd /GS /fp:precise /Zc:wchar_t /Zc:forScope /Yu"StdAfx.h" /Fp"Debug\TwoArraysAlternateSum_Pramata.pch" /Fo"Debug\\" /Fd"Debug\vc100.pdb" /Gd /TP /analyze- /errorReport:prompt TwoArraysAlternateSum_Pramata.cpp
         TwoArraysAlternateSum_Pramata.cpp
     1>c:\users\a_k_yadav\documents\xtra\portal\cpp\hacker\twoarraysalternatesum_pramata\twoarraysalternatesum_pramata\twoarraysalternatesum_pramata.cpp(56): error C2784: 'std::basic_istream<_Elem,_Traits> &std::operator >>(std::basic_istream<_Elem,_Traits> &&,_Ty &)' : could not deduce template argument for 'std::basic_istream<_Elem,_Traits> &&' from 'std::ostream'
                 c:\program files (x86)\microsoft visual studio 10.0\vc\include\istream(1128) : see declaration of 'std::operator >>'
     1>c:\users\a_k_yadav\documents\xtra\portal\cpp\hacker\twoarraysalternatesum_pramata\twoarraysalternatesum_pramata\twoarraysalternatesum_pramata.cpp(56): error C2784: 'std::basic_istream<_Elem,_Traits> &std::operator >>(std::basic_istream<_Elem,_Traits> &&,_Ty &)' : could not deduce template argument for 'std::basic_istream<_Elem,_Traits> &&' from 'std::ostream'
                 c:\program files (x86)\microsoft visual studio 10.0\vc\include\istream(1128) : see declaration of 'std::operator >>'
     1>c:\users\a_k_yadav\documents\xtra\portal\cpp\hacker\twoarraysalternatesum_pramata\twoarraysalternatesum_pramata\twoarraysalternatesum_pramata.cpp(56): error C2784: 'std::basic_istream<_Elem,_Traits> &std::operator >>(std::basic_istream<_Elem,_Traits> &&,_Ty &)' : could not deduce template argument for 'std::basic_istream<_Elem,_Traits> &&' from 'std::ostream'
                 c:\program files (x86)\microsoft visual studio 10.0\vc\include\istream(1128) : see declaration of 'std::operator >>'
     1>c:\users\a_k_yadav\documents\xtra\portal\cpp\hacker\twoarraysalternatesum_pramata\twoarraysalternatesum_pramata\twoarraysalternatesum_pramata.cpp(56): error C2784: 'std::basic_istream<_Elem,_Traits> &std::operator >>(std::basic_istream<_Elem,_Traits> &&,_Ty &)' : could not deduce template argument for 'std::basic_istream<_Elem,_Traits> &&' from 'std::ostream'
                 c:\program files (x86)\microsoft visual studio 10.0\vc\include\istream(1128) : see declaration of 'std::operator >>'
     1>c:\users\a_k_yadav\documents\xtra\portal\cpp\hacker\twoarraysalternatesum_pramata\twoarraysalternatesum_pramata\twoarraysalternatesum_pramata.cpp(56): error C2784: 'std::basic_istream<char,_Traits> &std::operator >>(std::basic_istream<char,_Traits> &,unsigned char &)' : could not deduce template argument for 'std::basic_istream<char,_Traits> &' from 'std::ostream'
                 c:\program files (x86)\microsoft visual studio 10.0\vc\include\istream(1118) : see declaration of 'std::operator >>'
     1>c:\users\a_k_yadav\documents\xtra\portal\cpp\hacker\twoarraysalternatesum_pramata\twoarraysalternatesum_pramata\twoarraysalternatesum_pramata.cpp(56): error C2784: 'std::basic_istream<char,_Traits> &std::operator >>(std::basic_istream<char,_Traits> &,unsigned char &)' : could not deduce template argument for 'std::basic_istream<char,_Traits> &' from 'std::ostream'
                 c:\program files (x86)\microsoft visual studio 10.0\vc\include\istream(1118) : see declaration of 'std::operator >>'
     1>c:\users\a_k_yadav\documents\xtra\portal\cpp\hacker\twoarraysalternatesum_pramata\twoarraysalternatesum_pramata\twoarraysalternatesum_pramata.cpp(56): error C2784: 'std::basic_istream<char,_Traits> &std::operator >>(std::basic_istream<char,_Traits> &,unsigned char &)' : could not deduce template argument for 'std::basic_istream<char,_Traits> &' from 'std::ostream'
                 c:\program files (x86)\microsoft visual studio 10.0\vc\include\istream(1118) : see declaration of 'std::operator >>'
     1>c:\users\a_k_yadav\documents\xtra\portal\cpp\hacker\twoarraysalternatesum_pramata\twoarraysalternatesum_pramata\twoarraysalternatesum_pramata.cpp(56): error C2784: 'std::basic_istream<char,_Traits> &std::operator >>(std::basic_istream<char,_Traits> &,unsigned char &)' : could not deduce template argument for 'std::basic_istream<char,_Traits> &' from 'std::ostream'
                 c:\program files (x86)\microsoft visual studio 10.0\vc\include\istream(1118) : see declaration of 'std::operator >>'
     1>c:\users\a_k_yadav\documents\xtra\portal\cpp\hacker\twoarraysalternatesum_pramata\twoarraysalternatesum_pramata\twoarraysalternatesum_pramata.cpp(56): error C2784: 'std::basic_istream<char,_Traits> &std::operator >>(std::basic_istream<char,_Traits> &,unsigned char *)' : could not deduce template argument for 'std::basic_istream<char,_Traits> &' from 'std::ostream'
                 c:\program files (x86)\microsoft visual studio 10.0\vc\include\istream(1111) : see declaration of 'std::operator >>'
     1>c:\users\a_k_yadav\documents\xtra\portal\cpp\hacker\twoarraysalternatesum_pramata\twoarraysalternatesum_pramata\twoarraysalternatesum_pramata.cpp(56): error C2784: 'std::basic_istream<char,_Traits> &std::operator >>(std::basic_istream<char,_Traits> &,unsigned char *)' : could not deduce template argument for 'std::basic_istream<char,_Traits> &' from 'std::ostream'
                 c:\program files (x86)\microsoft visual studio 10.0\vc\include\istream(1111) : see declaration of 'std::operator >>'
     1>c:\users\a_k_yadav\documents\xtra\portal\cpp\hacker\twoarraysalternatesum_pramata\twoarraysalternatesum_pramata\twoarraysalternatesum_pramata.cpp(56): error C2784: 'std::basic_istream<char,_Traits> &std::operator >>(std::basic_istream<char,_Traits> &,unsigned char *)' : could not deduce template argument for 'std::basic_istream<char,_Traits> &' from 'std::ostream'
                 c:\program files (x86)\microsoft visual studio 10.0\vc\include\istream(1111) : see declaration of 'std::operator >>'
     1>c:\users\a_k_yadav\documents\xtra\portal\cpp\hacker\twoarraysalternatesum_pramata\twoarraysalternatesum_pramata\twoarraysalternatesum_pramata.cpp(56): error C2784: 'std::basic_istream<char,_Traits> &std::operator >>(std::basic_istream<char,_Traits> &,unsigned char *)' : could not deduce template argument for 'std::basic_istream<char,_Traits> &' from 'std::ostream'
                 c:\program files (x86)\microsoft visual studio 10.0\vc\include\istream(1111) : see declaration of 'std::operator >>'
     1>c:\users\a_k_yadav\documents\xtra\portal\cpp\hacker\twoarraysalternatesum_pramata\twoarraysalternatesum_pramata\twoarraysalternatesum_pramata.cpp(56): error C2784: 'std::basic_istream<char,_Traits> &std::operator >>(std::basic_istream<char,_Traits> &,signed char &)' : could not deduce template argument for 'std::basic_istream<char,_Traits> &' from 'std::ostream'
                 c:\program files (x86)\microsoft visual studio 10.0\vc\include\istream(1104) : see declaration of 'std::operator >>'
     1>c:\users\a_k_yadav\documents\xtra\portal\cpp\hacker\twoarraysalternatesum_pramata\twoarraysalternatesum_pramata\twoarraysalternatesum_pramata.cpp(56): error C2784: 'std::basic_istream<char,_Traits> &std::operator >>(std::basic_istream<char,_Traits> &,signed char &)' : could not deduce template argument for 'std::basic_istream<char,_Traits> &' from 'std::ostream'
                 c:\program files (x86)\microsoft visual studio 10.0\vc\include\istream(1104) : see declaration of 'std::operator >>'
     1>c:\users\a_k_yadav\documents\xtra\portal\cpp\hacker\twoarraysalternatesum_pramata\twoarraysalternatesum_pramata\twoarraysalternatesum_pramata.cpp(56): error C2784: 'std::basic_istream<char,_Traits> &std::operator >>(std::basic_istream<char,_Traits> &,signed char &)' : could not deduce template argument for 'std::basic_istream<char,_Traits> &' from 'std::ostream'
                 c:\program files (x86)\microsoft visual studio 10.0\vc\include\istream(1104) : see declaration of 'std::operator >>'
     1>c:\users\a_k_yadav\documents\xtra\portal\cpp\hacker\twoarraysalternatesum_pramata\twoarraysalternatesum_pramata\twoarraysalternatesum_pramata.cpp(56): error C2784: 'std::basic_istream<char,_Traits> &std::operator >>(std::basic_istream<char,_Traits> &,signed char &)' : could not deduce template argument for 'std::basic_istream<char,_Traits> &' from 'std::ostream'
                 c:\program files (x86)\microsoft visual studio 10.0\vc\include\istream(1104) : see declaration of 'std::operator >>'
     1>c:\users\a_k_yadav\documents\xtra\portal\cpp\hacker\twoarraysalternatesum_pramata\twoarraysalternatesum_pramata\twoarraysalternatesum_pramata.cpp(56): error C2784: 'std::basic_istream<char,_Traits> &std::operator >>(std::basic_istream<char,_Traits> &,signed char *)' : could not deduce template argument for 'std::basic_istream<char,_Traits> &' from 'std::ostream'
                 c:\program files (x86)\microsoft visual studio 10.0\vc\include\istream(1097) : see declaration of 'std::operator >>'
     1>c:\users\a_k_yadav\documents\xtra\portal\cpp\hacker\twoarraysalternatesum_pramata\twoarraysalternatesum_pramata\twoarraysalternatesum_pramata.cpp(56): error C2784: 'std::basic_istream<char,_Traits> &std::operator >>(std::basic_istream<char,_Traits> &,signed char *)' : could not deduce template argument for 'std::basic_istream<char,_Traits> &' from 'std::ostream'
                 c:\program files (x86)\microsoft visual studio 10.0\vc\include\istream(1097) : see declaration of 'std::operator >>'
     1>c:\users\a_k_yadav\documents\xtra\portal\cpp\hacker\twoarraysalternatesum_pramata\twoarraysalternatesum_pramata\twoarraysalternatesum_pramata.cpp(56): error C2784: 'std::basic_istream<char,_Traits> &std::operator >>(std::basic_istream<char,_Traits> &,signed char *)' : could not deduce template argument for 'std::basic_istream<char,_Traits> &' from 'std::ostream'
                 c:\program files (x86)\microsoft visual studio 10.0\vc\include\istream(1097) : see declaration of 'std::operator >>'
     1>c:\users\a_k_yadav\documents\xtra\portal\cpp\hacker\twoarraysalternatesum_pramata\twoarraysalternatesum_pramata\twoarraysalternatesum_pramata.cpp(56): error C2784: 'std::basic_istream<char,_Traits> &std::operator >>(std::basic_istream<char,_Traits> &,signed char *)' : could not deduce template argument for 'std::basic_istream<char,_Traits> &' from 'std::ostream'
                 c:\program files (x86)\microsoft visual studio 10.0\vc\include\istream(1097) : see declaration of 'std::operator >>'
     1>c:\users\a_k_yadav\documents\xtra\portal\cpp\hacker\twoarraysalternatesum_pramata\twoarraysalternatesum_pramata\twoarraysalternatesum_pramata.cpp(56): error C2784: 'std::basic_istream<_Elem,_Traits> &std::operator >>(std::basic_istream<_Elem,_Traits> &,_Elem &)' : could not deduce template argument for 'std::basic_istream<_Elem,_Traits> &' from 'std::ostream'
                 c:\program files (x86)\microsoft visual studio 10.0\vc\include\istream(1090) : see declaration of 'std::operator >>'
     1>c:\users\a_k_yadav\documents\xtra\portal\cpp\hacker\twoarraysalternatesum_pramata\twoarraysalternatesum_pramata\twoarraysalternatesum_pramata.cpp(56): error C2784: 'std::basic_istream<_Elem,_Traits> &std::operator >>(std::basic_istream<_Elem,_Traits> &,_Elem &)' : could not deduce template argument for 'std::basic_istream<_Elem,_Traits> &' from 'std::ostream'
                 c:\program files (x86)\microsoft visual studio 10.0\vc\include\istream(1090) : see declaration of 'std::operator >>'
     1>c:\users\a_k_yadav\documents\xtra\portal\cpp\hacker\twoarraysalternatesum_pramata\twoarraysalternatesum_pramata\twoarraysalternatesum_pramata.cpp(56): error C2784: 'std::basic_istream<_Elem,_Traits> &std::operator >>(std::basic_istream<_Elem,_Traits> &,_Elem &)' : could not deduce template argument for 'std::basic_istream<_Elem,_Traits> &' from 'std::ostream'
                 c:\program files (x86)\microsoft visual studio 10.0\vc\include\istream(1090) : see declaration of 'std::operator >>'
     1>c:\users\a_k_yadav\documents\xtra\portal\cpp\hacker\twoarraysalternatesum_pramata\twoarraysalternatesum_pramata\twoarraysalternatesum_pramata.cpp(56): error C2784: 'std::basic_istream<_Elem,_Traits> &std::operator >>(std::basic_istream<_Elem,_Traits> &,_Elem &)' : could not deduce template argument for 'std::basic_istream<_Elem,_Traits> &' from 'std::ostream'
                 c:\program files (x86)\microsoft visual studio 10.0\vc\include\istream(1090) : see declaration of 'std::operator >>'
     1>c:\users\a_k_yadav\documents\xtra\portal\cpp\hacker\twoarraysalternatesum_pramata\twoarraysalternatesum_pramata\twoarraysalternatesum_pramata.cpp(56): error C2784: 'std::basic_istream<_Elem,_Traits> &std::operator >>(std::basic_istream<_Elem,_Traits> &,_Elem *)' : could not deduce template argument for 'std::basic_istream<_Elem,_Traits> &' from 'std::ostream'
                 c:\program files (x86)\microsoft visual studio 10.0\vc\include\istream(1082) : see declaration of 'std::operator >>'
     1>c:\users\a_k_yadav\documents\xtra\portal\cpp\hacker\twoarraysalternatesum_pramata\twoarraysalternatesum_pramata\twoarraysalternatesum_pramata.cpp(56): error C2784: 'std::basic_istream<_Elem,_Traits> &std::operator >>(std::basic_istream<_Elem,_Traits> &,_Elem *)' : could not deduce template argument for 'std::basic_istream<_Elem,_Traits> &' from 'std::ostream'
                 c:\program files (x86)\microsoft visual studio 10.0\vc\include\istream(1082) : see declaration of 'std::operator >>'
     1>c:\users\a_k_yadav\documents\xtra\portal\cpp\hacker\twoarraysalternatesum_pramata\twoarraysalternatesum_pramata\twoarraysalternatesum_pramata.cpp(56): error C2784: 'std::basic_istream<_Elem,_Traits> &std::operator >>(std::basic_istream<_Elem,_Traits> &,_Elem *)' : could not deduce template argument for 'std::basic_istream<_Elem,_Traits> &' from 'std::ostream'
                 c:\program files (x86)\microsoft visual studio 10.0\vc\include\istream(1082) : see declaration of 'std::operator >>'
     1>c:\users\a_k_yadav\documents\xtra\portal\cpp\hacker\twoarraysalternatesum_pramata\twoarraysalternatesum_pramata\twoarraysalternatesum_pramata.cpp(56): error C2784: 'std::basic_istream<_Elem,_Traits> &std::operator >>(std::basic_istream<_Elem,_Traits> &,_Elem *)' : could not deduce template argument for 'std::basic_istream<_Elem,_Traits> &' from 'std::ostream'
                 c:\program files (x86)\microsoft visual studio 10.0\vc\include\istream(1082) : see declaration of 'std::operator >>'
     1>c:\users\a_k_yadav\documents\xtra\portal\cpp\hacker\twoarraysalternatesum_pramata\twoarraysalternatesum_pramata\twoarraysalternatesum_pramata.cpp(56): error C2784: 'std::basic_istream<char,_Traits> &std::operator >>(std::basic_istream<char,_Traits> &&,unsigned char &)' : could not deduce template argument for 'std::basic_istream<char,_Traits> &&' from 'std::ostream'
                 c:\program files (x86)\microsoft visual studio 10.0\vc\include\istream(1074) : see declaration of 'std::operator >>'
     1>c:\users\a_k_yadav\documents\xtra\portal\cpp\hacker\twoarraysalternatesum_pramata\twoarraysalternatesum_pramata\twoarraysalternatesum_pramata.cpp(56): error C2784: 'std::basic_istream<char,_Traits> &std::operator >>(std::basic_istream<char,_Traits> &&,unsigned char &)' : could not deduce template argument for 'std::basic_istream<char,_Traits> &&' from 'std::ostream'
                 c:\program files (x86)\microsoft visual studio 10.0\vc\include\istream(1074) : see declaration of 'std::operator >>'
     1>c:\users\a_k_yadav\documents\xtra\portal\cpp\hacker\twoarraysalternatesum_pramata\twoarraysalternatesum_pramata\twoarraysalternatesum_pramata.cpp(56): error C2784: 'std::basic_istream<char,_Traits> &std::operator >>(std::basic_istream<char,_Traits> &&,unsigned char &)' : could not deduce template argument for 'std::basic_istream<char,_Traits> &&' from 'std::ostream'
                 c:\program files (x86)\microsoft visual studio 10.0\vc\include\istream(1074) : see declaration of 'std::operator >>'
     1>c:\users\a_k_yadav\documents\xtra\portal\cpp\hacker\twoarraysalternatesum_pramata\twoarraysalternatesum_pramata\twoarraysalternatesum_pramata.cpp(56): error C2784: 'std::basic_istream<char,_Traits> &std::operator >>(std::basic_istream<char,_Traits> &&,unsigned char &)' : could not deduce template argument for 'std::basic_istream<char,_Traits> &&' from 'std::ostream'
                 c:\program files (x86)\microsoft visual studio 10.0\vc\include\istream(1074) : see declaration of 'std::operator >>'
     1>c:\users\a_k_yadav\documents\xtra\portal\cpp\hacker\twoarraysalternatesum_pramata\twoarraysalternatesum_pramata\twoarraysalternatesum_pramata.cpp(56): error C2784: 'std::basic_istream<char,_Traits> &std::operator >>(std::basic_istream<char,_Traits> &&,unsigned char *)' : could not deduce template argument for 'std::basic_istream<char,_Traits> &&' from 'std::ostream'
                 c:\program files (x86)\microsoft visual studio 10.0\vc\include\istream(1067) : see declaration of 'std::operator >>'
     1>c:\users\a_k_yadav\documents\xtra\portal\cpp\hacker\twoarraysalternatesum_pramata\twoarraysalternatesum_pramata\twoarraysalternatesum_pramata.cpp(56): error C2784: 'std::basic_istream<char,_Traits> &std::operator >>(std::basic_istream<char,_Traits> &&,unsigned char *)' : could not deduce template argument for 'std::basic_istream<char,_Traits> &&' from 'std::ostream'
                 c:\program files (x86)\microsoft visual studio 10.0\vc\include\istream(1067) : see declaration of 'std::operator >>'
     1>c:\users\a_k_yadav\documents\xtra\portal\cpp\hacker\twoarraysalternatesum_pramata\twoarraysalternatesum_pramata\twoarraysalternatesum_pramata.cpp(56): error C2784: 'std::basic_istream<char,_Traits> &std::operator >>(std::basic_istream<char,_Traits> &&,unsigned char *)' : could not deduce template argument for 'std::basic_istream<char,_Traits> &&' from 'std::ostream'
                 c:\program files (x86)\microsoft visual studio 10.0\vc\include\istream(1067) : see declaration of 'std::operator >>'
     1>c:\users\a_k_yadav\documents\xtra\portal\cpp\hacker\twoarraysalternatesum_pramata\twoarraysalternatesum_pramata\twoarraysalternatesum_pramata.cpp(56): error C2784: 'std::basic_istream<char,_Traits> &std::operator >>(std::basic_istream<char,_Traits> &&,unsigned char *)' : could not deduce template argument for 'std::basic_istream<char,_Traits> &&' from 'std::ostream'
                 c:\program files (x86)\microsoft visual studio 10.0\vc\include\istream(1067) : see declaration of 'std::operator >>'
     1>c:\users\a_k_yadav\documents\xtra\portal\cpp\hacker\twoarraysalternatesum_pramata\twoarraysalternatesum_pramata\twoarraysalternatesum_pramata.cpp(56): error C2784: 'std::basic_istream<char,_Traits> &std::operator >>(std::basic_istream<char,_Traits> &&,signed char &)' : could not deduce template argument for 'std::basic_istream<char,_Traits> &&' from 'std::ostream'
                 c:\program files (x86)\microsoft visual studio 10.0\vc\include\istream(1060) : see declaration of 'std::operator >>'
     1>c:\users\a_k_yadav\documents\xtra\portal\cpp\hacker\twoarraysalternatesum_pramata\twoarraysalternatesum_pramata\twoarraysalternatesum_pramata.cpp(56): error C2784: 'std::basic_istream<char,_Traits> &std::operator >>(std::basic_istream<char,_Traits> &&,signed char &)' : could not deduce template argument for 'std::basic_istream<char,_Traits> &&' from 'std::ostream'
                 c:\program files (x86)\microsoft visual studio 10.0\vc\include\istream(1060) : see declaration of 'std::operator >>'
     1>c:\users\a_k_yadav\documents\xtra\portal\cpp\hacker\twoarraysalternatesum_pramata\twoarraysalternatesum_pramata\twoarraysalternatesum_pramata.cpp(56): error C2784: 'std::basic_istream<char,_Traits> &std::operator >>(std::basic_istream<char,_Traits> &&,signed char &)' : could not deduce template argument for 'std::basic_istream<char,_Traits> &&' from 'std::ostream'
                 c:\program files (x86)\microsoft visual studio 10.0\vc\include\istream(1060) : see declaration of 'std::operator >>'
     1>c:\users\a_k_yadav\documents\xtra\portal\cpp\hacker\twoarraysalternatesum_pramata\twoarraysalternatesum_pramata\twoarraysalternatesum_pramata.cpp(56): error C2784: 'std::basic_istream<char,_Traits> &std::operator >>(std::basic_istream<char,_Traits> &&,signed char &)' : could not deduce template argument for 'std::basic_istream<char,_Traits> &&' from 'std::ostream'
                 c:\program files (x86)\microsoft visual studio 10.0\vc\include\istream(1060) : see declaration of 'std::operator >>'
     1>c:\users\a_k_yadav\documents\xtra\portal\cpp\hacker\twoarraysalternatesum_pramata\twoarraysalternatesum_pramata\twoarraysalternatesum_pramata.cpp(56): error C2784: 'std::basic_istream<char,_Traits> &std::operator >>(std::basic_istream<char,_Traits> &&,signed char *)' : could not deduce template argument for 'std::basic_istream<char,_Traits> &&' from 'std::ostream'
                 c:\program files (x86)\microsoft visual studio 10.0\vc\include\istream(1053) : see declaration of 'std::operator >>'
     1>c:\users\a_k_yadav\documents\xtra\portal\cpp\hacker\twoarraysalternatesum_pramata\twoarraysalternatesum_pramata\twoarraysalternatesum_pramata.cpp(56): error C2784: 'std::basic_istream<char,_Traits> &std::operator >>(std::basic_istream<char,_Traits> &&,signed char *)' : could not deduce template argument for 'std::basic_istream<char,_Traits> &&' from 'std::ostream'
                 c:\program files (x86)\microsoft visual studio 10.0\vc\include\istream(1053) : see declaration of 'std::operator >>'
     1>c:\users\a_k_yadav\documents\xtra\portal\cpp\hacker\twoarraysalternatesum_pramata\twoarraysalternatesum_pramata\twoarraysalternatesum_pramata.cpp(56): error C2784: 'std::basic_istream<char,_Traits> &std::operator >>(std::basic_istream<char,_Traits> &&,signed char *)' : could not deduce template argument for 'std::basic_istream<char,_Traits> &&' from 'std::ostream'
                 c:\program files (x86)\microsoft visual studio 10.0\vc\include\istream(1053) : see declaration of 'std::operator >>'
     1>c:\users\a_k_yadav\documents\xtra\portal\cpp\hacker\twoarraysalternatesum_pramata\twoarraysalternatesum_pramata\twoarraysalternatesum_pramata.cpp(56): error C2784: 'std::basic_istream<char,_Traits> &std::operator >>(std::basic_istream<char,_Traits> &&,signed char *)' : could not deduce template argument for 'std::basic_istream<char,_Traits> &&' from 'std::ostream'
                 c:\program files (x86)\microsoft visual studio 10.0\vc\include\istream(1053) : see declaration of 'std::operator >>'
     1>c:\users\a_k_yadav\documents\xtra\portal\cpp\hacker\twoarraysalternatesum_pramata\twoarraysalternatesum_pramata\twoarraysalternatesum_pramata.cpp(56): error C2784: 'std::basic_istream<_Elem,_Traits> &std::operator >>(std::basic_istream<_Elem,_Traits> &&,_Elem &)' : could not deduce template argument for 'std::basic_istream<_Elem,_Traits> &&' from 'std::ostream'
                 c:\program files (x86)\microsoft visual studio 10.0\vc\include\istream(1028) : see declaration of 'std::operator >>'
     1>c:\users\a_k_yadav\documents\xtra\portal\cpp\hacker\twoarraysalternatesum_pramata\twoarraysalternatesum_pramata\twoarraysalternatesum_pramata.cpp(56): error C2784: 'std::basic_istream<_Elem,_Traits> &std::operator >>(std::basic_istream<_Elem,_Traits> &&,_Elem &)' : could not deduce template argument for 'std::basic_istream<_Elem,_Traits> &&' from 'std::ostream'
                 c:\program files (x86)\microsoft visual studio 10.0\vc\include\istream(1028) : see declaration of 'std::operator >>'
     1>c:\users\a_k_yadav\documents\xtra\portal\cpp\hacker\twoarraysalternatesum_pramata\twoarraysalternatesum_pramata\twoarraysalternatesum_pramata.cpp(56): error C2784: 'std::basic_istream<_Elem,_Traits> &std::operator >>(std::basic_istream<_Elem,_Traits> &&,_Elem &)' : could not deduce template argument for 'std::basic_istream<_Elem,_Traits> &&' from 'std::ostream'
                 c:\program files (x86)\microsoft visual studio 10.0\vc\include\istream(1028) : see declaration of 'std::operator >>'
     1>c:\users\a_k_yadav\documents\xtra\portal\cpp\hacker\twoarraysalternatesum_pramata\twoarraysalternatesum_pramata\twoarraysalternatesum_pramata.cpp(56): error C2784: 'std::basic_istream<_Elem,_Traits> &std::operator >>(std::basic_istream<_Elem,_Traits> &&,_Elem &)' : could not deduce template argument for 'std::basic_istream<_Elem,_Traits> &&' from 'std::ostream'
                 c:\program files (x86)\microsoft visual studio 10.0\vc\include\istream(1028) : see declaration of 'std::operator >>'
     1>c:\users\a_k_yadav\documents\xtra\portal\cpp\hacker\twoarraysalternatesum_pramata\twoarraysalternatesum_pramata\twoarraysalternatesum_pramata.cpp(56): error C2784: 'std::basic_istream<_Elem,_Traits> &std::operator >>(std::basic_istream<_Elem,_Traits> &&,_Elem *)' : could not deduce template argument for 'std::basic_istream<_Elem,_Traits> &&' from 'std::ostream'
                 c:\program files (x86)\microsoft visual studio 10.0\vc\include\istream(987) : see declaration of 'std::operator >>'
     1>c:\users\a_k_yadav\documents\xtra\portal\cpp\hacker\twoarraysalternatesum_pramata\twoarraysalternatesum_pramata\twoarraysalternatesum_pramata.cpp(56): error C2784: 'std::basic_istream<_Elem,_Traits> &std::operator >>(std::basic_istream<_Elem,_Traits> &&,_Elem *)' : could not deduce template argument for 'std::basic_istream<_Elem,_Traits> &&' from 'std::ostream'
                 c:\program files (x86)\microsoft visual studio 10.0\vc\include\istream(987) : see declaration of 'std::operator >>'
     1>c:\users\a_k_yadav\documents\xtra\portal\cpp\hacker\twoarraysalternatesum_pramata\twoarraysalternatesum_pramata\twoarraysalternatesum_pramata.cpp(56): error C2784: 'std::basic_istream<_Elem,_Traits> &std::operator >>(std::basic_istream<_Elem,_Traits> &&,_Elem *)' : could not deduce template argument for 'std::basic_istream<_Elem,_Traits> &&' from 'std::ostream'
                 c:\program files (x86)\microsoft visual studio 10.0\vc\include\istream(987) : see declaration of 'std::operator >>'
     1>c:\users\a_k_yadav\documents\xtra\portal\cpp\hacker\twoarraysalternatesum_pramata\twoarraysalternatesum_pramata\twoarraysalternatesum_pramata.cpp(56): error C2784: 'std::basic_istream<_Elem,_Traits> &std::operator >>(std::basic_istream<_Elem,_Traits> &&,_Elem *)' : could not deduce template argument for 'std::basic_istream<_Elem,_Traits> &&' from 'std::ostream'
                 c:\program files (x86)\microsoft visual studio 10.0\vc\include\istream(987) : see declaration of 'std::operator >>'
     1>c:\users\a_k_yadav\documents\xtra\portal\cpp\hacker\twoarraysalternatesum_pramata\twoarraysalternatesum_pramata\twoarraysalternatesum_pramata.cpp(56): error C2676: binary '>>' : 'std::ostream' does not define this operator or a conversion to a type acceptable to the predefined operator
     1>Done Building Project "C:\Users\A_K_Yadav\Documents\xtra\portal\cpp\hacker\TwoArraysAlternateSum_Pramata\TwoArraysAlternateSum_Pramata\TwoArraysAlternateSum_Pramata.vcxproj" (build target(s)) -- FAILED.

Build FAILED.

Time Elapsed 00:00:02.92
