C:\USERS\A_K_YADAV\DOCUMENTS\XTRA\CODE_PRACTICE\FREQUENCY_SORT\DEBUG\FREQUENCY_SORT.EXE
C:\USERS\A_K_YADAV\DOCUMENTS\XTRA\CODE_PRACTICE\FREQUENCY_SORT\DEBUG\FREQUENCY_SORT.ILK
C:\USERS\A_K_YADAV\DOCUMENTS\XTRA\CODE_PRACTICE\FREQUENCY_SORT\DEBUG\FREQUENCY_SORT.PDB
C:\USERS\A_K_YADAV\DOCUMENTS\XTRA\CODE_PRACTICE\FREQUENCY_SORT\FREQUENCY_SORT\DEBUG\.NETFRAMEWORK,VERSION=V4.0.ASSEMBLYATTRIBUTES.OBJ
C:\USERS\A_K_YADAV\DOCUMENTS\XTRA\CODE_PRACTICE\FREQUENCY_SORT\FREQUENCY_SORT\DEBUG\APP.RES
C:\USERS\A_K_YADAV\DOCUMENTS\XTRA\CODE_PRACTICE\FREQUENCY_SORT\FREQUENCY_SORT\DEBUG\ASSEMBLYINFO.OBJ
C:\Users\A_K_Yadav\Documents\xtra\code_practice\frequency_sort\frequency_sort\Debug\cl.command.1.tlog
C:\Users\A_K_Yadav\Documents\xtra\code_practice\frequency_sort\frequency_sort\Debug\CL.read.1.tlog
C:\Users\A_K_Yadav\Documents\xtra\code_practice\frequency_sort\frequency_sort\Debug\CL.write.1.tlog
C:\USERS\A_K_YADAV\DOCUMENTS\XTRA\CODE_PRACTICE\FREQUENCY_SORT\FREQUENCY_SORT\DEBUG\FREQUENCY_SORT.EXE.INTERMEDIATE.MANIFEST
C:\USERS\A_K_YADAV\DOCUMENTS\XTRA\CODE_PRACTICE\FREQUENCY_SORT\FREQUENCY_SORT\DEBUG\FREQUENCY_SORT.OBJ
C:\USERS\A_K_YADAV\DOCUMENTS\XTRA\CODE_PRACTICE\FREQUENCY_SORT\FREQUENCY_SORT\DEBUG\FREQUENCY_SORT.PCH
C:\Users\A_K_Yadav\Documents\xtra\code_practice\frequency_sort\frequency_sort\Debug\frequency_sort.write.1.tlog
C:\Users\A_K_Yadav\Documents\xtra\code_practice\frequency_sort\frequency_sort\Debug\link.3900.read.1.tlog
C:\Users\A_K_Yadav\Documents\xtra\code_practice\frequency_sort\frequency_sort\Debug\link.3900.write.1.tlog
C:\Users\A_K_Yadav\Documents\xtra\code_practice\frequency_sort\frequency_sort\Debug\link.3900-cvtres.read.1.tlog
C:\Users\A_K_Yadav\Documents\xtra\code_practice\frequency_sort\frequency_sort\Debug\link.3900-cvtres.write.1.tlog
C:\Users\A_K_Yadav\Documents\xtra\code_practice\frequency_sort\frequency_sort\Debug\link.6296.read.1.tlog
C:\Users\A_K_Yadav\Documents\xtra\code_practice\frequency_sort\frequency_sort\Debug\link.6296.write.1.tlog
C:\Users\A_K_Yadav\Documents\xtra\code_practice\frequency_sort\frequency_sort\Debug\link.6296-cvtres.read.1.tlog
C:\Users\A_K_Yadav\Documents\xtra\code_practice\frequency_sort\frequency_sort\Debug\link.6296-cvtres.write.1.tlog
C:\Users\A_K_Yadav\Documents\xtra\code_practice\frequency_sort\frequency_sort\Debug\link.8336.read.1.tlog
C:\Users\A_K_Yadav\Documents\xtra\code_practice\frequency_sort\frequency_sort\Debug\link.8336.write.1.tlog
C:\Users\A_K_Yadav\Documents\xtra\code_practice\frequency_sort\frequency_sort\Debug\link.8336-cvtres.read.1.tlog
C:\Users\A_K_Yadav\Documents\xtra\code_practice\frequency_sort\frequency_sort\Debug\link.8336-cvtres.write.1.tlog
C:\Users\A_K_Yadav\Documents\xtra\code_practice\frequency_sort\frequency_sort\Debug\link.command.1.tlog
C:\Users\A_K_Yadav\Documents\xtra\code_practice\frequency_sort\frequency_sort\Debug\link.read.1.tlog
C:\Users\A_K_Yadav\Documents\xtra\code_practice\frequency_sort\frequency_sort\Debug\link.write.1.tlog
C:\Users\A_K_Yadav\Documents\xtra\code_practice\frequency_sort\frequency_sort\Debug\metagen.read.1.tlog
C:\Users\A_K_Yadav\Documents\xtra\code_practice\frequency_sort\frequency_sort\Debug\metagen.write.1.tlog
C:\Users\A_K_Yadav\Documents\xtra\code_practice\frequency_sort\frequency_sort\Debug\mt.command.1.tlog
C:\Users\A_K_Yadav\Documents\xtra\code_practice\frequency_sort\frequency_sort\Debug\mt.read.1.tlog
C:\Users\A_K_Yadav\Documents\xtra\code_practice\frequency_sort\frequency_sort\Debug\mt.write.1.tlog
C:\Users\A_K_Yadav\Documents\xtra\code_practice\frequency_sort\frequency_sort\Debug\rc.command.1.tlog
C:\Users\A_K_Yadav\Documents\xtra\code_practice\frequency_sort\frequency_sort\Debug\rc.read.1.tlog
C:\Users\A_K_Yadav\Documents\xtra\code_practice\frequency_sort\frequency_sort\Debug\rc.write.1.tlog
C:\Users\A_K_Yadav\Documents\xtra\code_practice\frequency_sort\frequency_sort\Debug\RSAENH.DLL.bi
C:\USERS\A_K_YADAV\DOCUMENTS\XTRA\CODE_PRACTICE\FREQUENCY_SORT\FREQUENCY_SORT\DEBUG\STDAFX.OBJ
C:\Users\A_K_Yadav\Documents\xtra\code_practice\frequency_sort\frequency_sort\Debug\TZRES.DLL.bi
C:\USERS\A_K_YADAV\DOCUMENTS\XTRA\CODE_PRACTICE\FREQUENCY_SORT\FREQUENCY_SORT\DEBUG\VC100.PDB
