Build started 3/15/2015 7:58:07 PM.
     1>Project "C:\Users\A_K_Yadav\Documents\xtra\code_practice\hacker_subtreesPath\hacker_subtreesPath\hacker_subtreesPath.vcxproj" on node 2 (build target(s)).
     1>InitializeBuildStatus:
         Creating "Release\hacker_subtreesPath.unsuccessfulbuild" because "AlwaysCreate" was specified.
       ClCompile:
         All outputs are up-to-date.
         c:\Program Files (x86)\Microsoft Visual Studio 10.0\VC\bin\CL.exe /c /Zi /nologo /W3 /WX- /O2 /Oi /Oy- /GL /D WIN32 /D NDEBUG /D _CONSOLE /D _UNICODE /D UNICODE /Gm- /EHsc /MD /GS /Gy /fp:precise /Zc:wchar_t /Zc:forScope /Yu"StdAfx.h" /Fp"Release\hacker_subtreesPath.pch" /Fo"Release\\" /Fd"Release\vc100.pdb" /Gd /TP /analyze- /errorReport:prompt hacker_subtreesPath.cpp
         hacker_subtreesPath.cpp
     1>hacker_subtreesPath.cpp(14): warning C4005: 'INT_MIN' : macro redefinition
                 c:\Program Files (x86)\Microsoft Visual Studio 10.0\VC\include\limits.h(40) : see previous definition of 'INT_MIN'
     1>hacker_subtreesPath.cpp(25): warning C4244: 'argument' : conversion from 'll' to 'size_t', possible loss of data
     1>hacker_subtreesPath.cpp(27): warning C4244: 'argument' : conversion from 'll' to 'size_t', possible loss of data
     1>hacker_subtreesPath.cpp(29): warning C4244: 'argument' : conversion from 'll' to 'size_t', possible loss of data
     1>hacker_subtreesPath.cpp(133): warning C4996: 'getch': The POSIX name for this item is deprecated. Instead, use the ISO C++ conformant name: _getch. See online help for details.
                 c:\Program Files (x86)\Microsoft Visual Studio 10.0\VC\include\conio.h(128) : see declaration of 'getch'
       Link:
         c:\Program Files (x86)\Microsoft Visual Studio 10.0\VC\bin\link.exe /ERRORREPORT:PROMPT /OUT:"C:\Users\A_K_Yadav\Documents\xtra\code_practice\hacker_subtreesPath\Release\hacker_subtreesPath.exe" /INCREMENTAL:NO /NOLOGO kernel32.lib user32.lib gdi32.lib winspool.lib comdlg32.lib advapi32.lib shell32.lib ole32.lib oleaut32.lib uuid.lib odbc32.lib odbccp32.lib /MANIFEST /ManifestFile:"Release\hacker_subtreesPath.exe.intermediate.manifest" /MANIFESTUAC:"level='asInvoker' uiAccess='false'" /DEBUG /PDB:"C:\Users\A_K_Yadav\Documents\xtra\code_practice\hacker_subtreesPath\Release\hacker_subtreesPath.pdb" /SUBSYSTEM:CONSOLE /OPT:REF /OPT:ICF /LTCG /TLBID:1 /DYNAMICBASE /NXCOMPAT /IMPLIB:"C:\Users\A_K_Yadav\Documents\xtra\code_practice\hacker_subtreesPath\Release\hacker_subtreesPath.lib" /MACHINE:X86 Release\hacker_subtreesPath.obj
         Release\stdafx.obj
         Generating code
     1>c:\users\a_k_yadav\documents\xtra\code_practice\hacker_subtreespath\hacker_subtreespath\hacker_subtreespath.cpp(83): warning C4700: uninitialized local variable 'query' used
         Finished generating code
         hacker_subtreesPath.vcxproj -> C:\Users\A_K_Yadav\Documents\xtra\code_practice\hacker_subtreesPath\Release\hacker_subtreesPath.exe
       Manifest:
         c:\Program Files (x86)\Microsoft SDKs\Windows\v7.0A\bin\mt.exe /nologo /verbose /outputresource:"C:\Users\A_K_Yadav\Documents\xtra\code_practice\hacker_subtreesPath\Release\hacker_subtreesPath.exe;#1" /manifest Release\hacker_subtreesPath.exe.intermediate.manifest
       FinalizeBuildStatus:
         Deleting file "Release\hacker_subtreesPath.unsuccessfulbuild".
         Touching "Release\hacker_subtreesPath.lastbuildstate".
     1>Done Building Project "C:\Users\A_K_Yadav\Documents\xtra\code_practice\hacker_subtreesPath\hacker_subtreesPath\hacker_subtreesPath.vcxproj" (build target(s)).

Build succeeded.

Time Elapsed 00:00:34.89
