Build started 4/22/2015 9:40:02 AM.
     1>Project "C:\Users\A_K_Yadav\Documents\xtra\portal\cpp\gfg\AddNumberLinkedList\AddNumberLinkedList\AddNumberLinkedList.vcxproj" on node 2 (build target(s)).
     1>PrepareForBuild:
         Creating directory "C:\Users\A_K_Yadav\Documents\xtra\portal\cpp\gfg\AddNumberLinkedList\Debug\".
       InitializeBuildStatus:
         Creating "Debug\AddNumberLinkedList.unsuccessfulbuild" because "AlwaysCreate" was specified.
       ClCompile:
         c:\Program Files (x86)\Microsoft Visual Studio 10.0\VC\bin\CL.exe /c /ZI /nologo /W3 /WX- /Od /Oy- /D WIN32 /D _DEBUG /D _CONSOLE /D _UNICODE /D UNICODE /Gm /EHsc /RTC1 /MDd /GS /fp:precise /Zc:wchar_t /Zc:forScope /Yc"StdAfx.h" /Fp"Debug\AddNumberLinkedList.pch" /Fo"Debug\\" /Fd"Debug\vc100.pdb" /Gd /TP /analyze- /errorReport:prompt stdafx.cpp
         stdafx.cpp
         c:\Program Files (x86)\Microsoft Visual Studio 10.0\VC\bin\CL.exe /c /ZI /nologo /W3 /WX- /Od /Oy- /D WIN32 /D _DEBUG /D _CONSOLE /D _UNICODE /D UNICODE /Gm /EHsc /RTC1 /MDd /GS /fp:precise /Zc:wchar_t /Zc:forScope /Yu"StdAfx.h" /Fp"Debug\AddNumberLinkedList.pch" /Fo"Debug\\" /Fd"Debug\vc100.pdb" /Gd /TP /analyze- /errorReport:prompt AddNumberLinkedList.cpp
         AddNumberLinkedList.cpp
       ManifestResourceCompile:
         c:\Program Files (x86)\Microsoft SDKs\Windows\v7.0A\bin\rc.exe /nologo /fo"Debug\AddNumberLinkedList.exe.embed.manifest.res" Debug\AddNumberLinkedList_manifest.rc 
       Link:
         c:\Program Files (x86)\Microsoft Visual Studio 10.0\VC\bin\link.exe /ERRORREPORT:PROMPT /OUT:"C:\Users\A_K_Yadav\Documents\xtra\portal\cpp\gfg\AddNumberLinkedList\Debug\AddNumberLinkedList.exe" /INCREMENTAL /NOLOGO kernel32.lib user32.lib gdi32.lib winspool.lib comdlg32.lib advapi32.lib shell32.lib ole32.lib oleaut32.lib uuid.lib odbc32.lib odbccp32.lib /MANIFEST /ManifestFile:"Debug\AddNumberLinkedList.exe.intermediate.manifest" /MANIFESTUAC:"level='asInvoker' uiAccess='false'" /DEBUG /PDB:"C:\Users\A_K_Yadav\Documents\xtra\portal\cpp\gfg\AddNumberLinkedList\Debug\AddNumberLinkedList.pdb" /SUBSYSTEM:CONSOLE /TLBID:1 /DYNAMICBASE /NXCOMPAT /IMPLIB:"C:\Users\A_K_Yadav\Documents\xtra\portal\cpp\gfg\AddNumberLinkedList\Debug\AddNumberLinkedList.lib" /MACHINE:X86 Debug\AddNumberLinkedList.exe.embed.manifest.res
         Debug\AddNumberLinkedList.obj
         Debug\stdafx.obj
       Manifest:
         c:\Program Files (x86)\Microsoft SDKs\Windows\v7.0A\bin\mt.exe /nologo /verbose /out:"Debug\AddNumberLinkedList.exe.embed.manifest" /manifest Debug\AddNumberLinkedList.exe.intermediate.manifest
         c:\Program Files (x86)\Microsoft SDKs\Windows\v7.0A\bin\rc.exe /nologo /fo"Debug\AddNumberLinkedList.exe.embed.manifest.res" Debug\AddNumberLinkedList_manifest.rc 
       LinkEmbedManifest:
         c:\Program Files (x86)\Microsoft Visual Studio 10.0\VC\bin\link.exe /ERRORREPORT:PROMPT /OUT:"C:\Users\A_K_Yadav\Documents\xtra\portal\cpp\gfg\AddNumberLinkedList\Debug\AddNumberLinkedList.exe" /INCREMENTAL /NOLOGO kernel32.lib user32.lib gdi32.lib winspool.lib comdlg32.lib advapi32.lib shell32.lib ole32.lib oleaut32.lib uuid.lib odbc32.lib odbccp32.lib /MANIFEST /ManifestFile:"Debug\AddNumberLinkedList.exe.intermediate.manifest" /MANIFESTUAC:"level='asInvoker' uiAccess='false'" /DEBUG /PDB:"C:\Users\A_K_Yadav\Documents\xtra\portal\cpp\gfg\AddNumberLinkedList\Debug\AddNumberLinkedList.pdb" /SUBSYSTEM:CONSOLE /TLBID:1 /DYNAMICBASE /NXCOMPAT /IMPLIB:"C:\Users\A_K_Yadav\Documents\xtra\portal\cpp\gfg\AddNumberLinkedList\Debug\AddNumberLinkedList.lib" /MACHINE:X86 Debug\AddNumberLinkedList.exe.embed.manifest.res
         Debug\AddNumberLinkedList.obj
         Debug\stdafx.obj
         AddNumberLinkedList.vcxproj -> C:\Users\A_K_Yadav\Documents\xtra\portal\cpp\gfg\AddNumberLinkedList\Debug\AddNumberLinkedList.exe
       FinalizeBuildStatus:
         Deleting file "Debug\AddNumberLinkedList.unsuccessfulbuild".
         Touching "Debug\AddNumberLinkedList.lastbuildstate".
     1>Done Building Project "C:\Users\A_K_Yadav\Documents\xtra\portal\cpp\gfg\AddNumberLinkedList\AddNumberLinkedList\AddNumberLinkedList.vcxproj" (build target(s)).

Build succeeded.

Time Elapsed 00:00:16.86
