Build started 12/7/2014 5:17:10 PM.
     1>Project "C:\Users\A_K_Yadav\Documents\xtra\code_practice\linkedlist_reversal\linkedlist_reversal\linkedlist_reversal.vcxproj" on node 2 (build target(s)).
     1>InitializeBuildStatus:
         Creating "Debug\linkedlist_reversal.unsuccessfulbuild" because "AlwaysCreate" was specified.
       GenerateTargetFrameworkMonikerAttribute:
       Skipping target "GenerateTargetFrameworkMonikerAttribute" because all output files are up-to-date with respect to the input files.
       ClCompile:
         All outputs are up-to-date.
         c:\Program Files (x86)\Microsoft Visual Studio 10.0\VC\bin\CL.exe /c /AI"C:\Program Files (x86)\Reference Assemblies\Microsoft\Framework\.NETFramework\v4.0" /Zi /clr /nologo /W3 /WX- /Od /Oy- /D WIN32 /D _DEBUG /D _UNICODE /D UNICODE /EHa /MDd /GS /fp:precise /Zc:wchar_t /Zc:forScope /Yu"StdAfx.h" /Fp"Debug\linkedlist_reversal.pch" /Fo"Debug\\" /Fd"Debug\vc100.pdb" /TP /FU"C:\Program Files (x86)\Reference Assemblies\Microsoft\Framework\.NETFramework\v4.0\System.Core.dll" /FU"C:\Program Files (x86)\Reference Assemblies\Microsoft\Framework\.NETFramework\v4.0\System.Data.dll" /FU"C:\Program Files (x86)\Reference Assemblies\Microsoft\Framework\.NETFramework\v4.0\System.dll" /FU"C:\Program Files (x86)\Reference Assemblies\Microsoft\Framework\.NETFramework\v4.0\System.Xml.dll" /analyze- /errorReport:prompt linkedlist_reversal.cpp /clr:nostdlib 
         linkedlist_reversal.cpp
         All outputs are up-to-date.
       ResourceCompile:
         All outputs are up-to-date.
       Link:
         c:\Program Files (x86)\Microsoft Visual Studio 10.0\VC\bin\link.exe /ERRORREPORT:PROMPT /OUT:"C:\Users\A_K_Yadav\Documents\xtra\code_practice\linkedlist_reversal\Debug\linkedlist_reversal.exe" /INCREMENTAL /NOLOGO /MANIFEST /ManifestFile:"Debug\linkedlist_reversal.exe.intermediate.manifest" /MANIFESTUAC:"level='asInvoker' uiAccess='false'" /DEBUG /PDB:"C:\Users\A_K_Yadav\Documents\xtra\code_practice\linkedlist_reversal\Debug\linkedlist_reversal.pdb" /ASSEMBLYDEBUG /TLBID:1 /DYNAMICBASE /FIXED:NO /NXCOMPAT /MACHINE:X86 Debug\app.res
         Debug\AssemblyInfo.obj
         Debug\linkedlist_reversal.obj
         Debug\stdafx.obj
         "Debug\.NETFramework,Version=v4.0.AssemblyAttributes.obj"
         linkedlist_reversal.vcxproj -> C:\Users\A_K_Yadav\Documents\xtra\code_practice\linkedlist_reversal\Debug\linkedlist_reversal.exe
       Manifest:
         c:\Program Files (x86)\Microsoft SDKs\Windows\v7.0A\bin\mt.exe /nologo /verbose /outputresource:"C:\Users\A_K_Yadav\Documents\xtra\code_practice\linkedlist_reversal\Debug\linkedlist_reversal.exe;#1" /manifest Debug\linkedlist_reversal.exe.intermediate.manifest
       FinalizeBuildStatus:
         Deleting file "Debug\linkedlist_reversal.unsuccessfulbuild".
         Touching "Debug\linkedlist_reversal.lastbuildstate".
     1>Done Building Project "C:\Users\A_K_Yadav\Documents\xtra\code_practice\linkedlist_reversal\linkedlist_reversal\linkedlist_reversal.vcxproj" (build target(s)).

Build succeeded.

Time Elapsed 00:00:45.51
