C:\USERS\A_K_YADAV\DOCUMENTS\XTRA\CODE_PRACTICE\LINKEDLIST_REVERSAL\DEBUG\LINKEDLIST_REVERSAL.EXE
C:\USERS\A_K_YADAV\DOCUMENTS\XTRA\CODE_PRACTICE\LINKEDLIST_REVERSAL\DEBUG\LINKEDLIST_REVERSAL.ILK
C:\USERS\A_K_YADAV\DOCUMENTS\XTRA\CODE_PRACTICE\LINKEDLIST_REVERSAL\DEBUG\LINKEDLIST_REVERSAL.PDB
C:\USERS\A_K_YADAV\DOCUMENTS\XTRA\CODE_PRACTICE\LINKEDLIST_REVERSAL\LINKEDLIST_REVERSAL\DEBUG\.NETFRAMEWORK,VERSION=V4.0.ASSEMBLYATTRIBUTES.OBJ
C:\USERS\A_K_YADAV\DOCUMENTS\XTRA\CODE_PRACTICE\LINKEDLIST_REVERSAL\LINKEDLIST_REVERSAL\DEBUG\APP.RES
C:\USERS\A_K_YADAV\DOCUMENTS\XTRA\CODE_PRACTICE\LINKEDLIST_REVERSAL\LINKEDLIST_REVERSAL\DEBUG\ASSEMBLYINFO.OBJ
C:\Users\A_K_Yadav\Documents\xtra\code_practice\linkedlist_reversal\linkedlist_reversal\Debug\cl.command.1.tlog
C:\Users\A_K_Yadav\Documents\xtra\code_practice\linkedlist_reversal\linkedlist_reversal\Debug\CL.read.1.tlog
C:\Users\A_K_Yadav\Documents\xtra\code_practice\linkedlist_reversal\linkedlist_reversal\Debug\CL.write.1.tlog
C:\Users\A_K_Yadav\Documents\xtra\code_practice\linkedlist_reversal\linkedlist_reversal\Debug\link.5260.read.1.tlog
C:\Users\A_K_Yadav\Documents\xtra\code_practice\linkedlist_reversal\linkedlist_reversal\Debug\link.5260.write.1.tlog
C:\Users\A_K_Yadav\Documents\xtra\code_practice\linkedlist_reversal\linkedlist_reversal\Debug\link.5260-cvtres.read.1.tlog
C:\Users\A_K_Yadav\Documents\xtra\code_practice\linkedlist_reversal\linkedlist_reversal\Debug\link.5260-cvtres.write.1.tlog
C:\Users\A_K_Yadav\Documents\xtra\code_practice\linkedlist_reversal\linkedlist_reversal\Debug\link.5284.read.1.tlog
C:\Users\A_K_Yadav\Documents\xtra\code_practice\linkedlist_reversal\linkedlist_reversal\Debug\link.5284.write.1.tlog
C:\Users\A_K_Yadav\Documents\xtra\code_practice\linkedlist_reversal\linkedlist_reversal\Debug\link.5284-cvtres.read.1.tlog
C:\Users\A_K_Yadav\Documents\xtra\code_practice\linkedlist_reversal\linkedlist_reversal\Debug\link.5284-cvtres.write.1.tlog
C:\Users\A_K_Yadav\Documents\xtra\code_practice\linkedlist_reversal\linkedlist_reversal\Debug\link.7912.read.1.tlog
C:\Users\A_K_Yadav\Documents\xtra\code_practice\linkedlist_reversal\linkedlist_reversal\Debug\link.7912.write.1.tlog
C:\Users\A_K_Yadav\Documents\xtra\code_practice\linkedlist_reversal\linkedlist_reversal\Debug\link.7912-cvtres.read.1.tlog
C:\Users\A_K_Yadav\Documents\xtra\code_practice\linkedlist_reversal\linkedlist_reversal\Debug\link.7912-cvtres.write.1.tlog
C:\Users\A_K_Yadav\Documents\xtra\code_practice\linkedlist_reversal\linkedlist_reversal\Debug\link.8052.read.1.tlog
C:\Users\A_K_Yadav\Documents\xtra\code_practice\linkedlist_reversal\linkedlist_reversal\Debug\link.8052.write.1.tlog
C:\Users\A_K_Yadav\Documents\xtra\code_practice\linkedlist_reversal\linkedlist_reversal\Debug\link.8052-cvtres.read.1.tlog
C:\Users\A_K_Yadav\Documents\xtra\code_practice\linkedlist_reversal\linkedlist_reversal\Debug\link.8052-cvtres.write.1.tlog
C:\Users\A_K_Yadav\Documents\xtra\code_practice\linkedlist_reversal\linkedlist_reversal\Debug\link.command.1.tlog
C:\Users\A_K_Yadav\Documents\xtra\code_practice\linkedlist_reversal\linkedlist_reversal\Debug\link.read.1.tlog
C:\Users\A_K_Yadav\Documents\xtra\code_practice\linkedlist_reversal\linkedlist_reversal\Debug\link.write.1.tlog
C:\USERS\A_K_YADAV\DOCUMENTS\XTRA\CODE_PRACTICE\LINKEDLIST_REVERSAL\LINKEDLIST_REVERSAL\DEBUG\LINKEDLIST_REVERSAL.EXE.INTERMEDIATE.MANIFEST
C:\USERS\A_K_YADAV\DOCUMENTS\XTRA\CODE_PRACTICE\LINKEDLIST_REVERSAL\LINKEDLIST_REVERSAL\DEBUG\LINKEDLIST_REVERSAL.OBJ
C:\USERS\A_K_YADAV\DOCUMENTS\XTRA\CODE_PRACTICE\LINKEDLIST_REVERSAL\LINKEDLIST_REVERSAL\DEBUG\LINKEDLIST_REVERSAL.PCH
C:\Users\A_K_Yadav\Documents\xtra\code_practice\linkedlist_reversal\linkedlist_reversal\Debug\linkedlist_reversal.write.1.tlog
C:\Users\A_K_Yadav\Documents\xtra\code_practice\linkedlist_reversal\linkedlist_reversal\Debug\metagen.read.1.tlog
C:\Users\A_K_Yadav\Documents\xtra\code_practice\linkedlist_reversal\linkedlist_reversal\Debug\metagen.write.1.tlog
C:\Users\A_K_Yadav\Documents\xtra\code_practice\linkedlist_reversal\linkedlist_reversal\Debug\mt.command.1.tlog
C:\Users\A_K_Yadav\Documents\xtra\code_practice\linkedlist_reversal\linkedlist_reversal\Debug\mt.read.1.tlog
C:\Users\A_K_Yadav\Documents\xtra\code_practice\linkedlist_reversal\linkedlist_reversal\Debug\mt.write.1.tlog
C:\Users\A_K_Yadav\Documents\xtra\code_practice\linkedlist_reversal\linkedlist_reversal\Debug\rc.command.1.tlog
C:\Users\A_K_Yadav\Documents\xtra\code_practice\linkedlist_reversal\linkedlist_reversal\Debug\rc.read.1.tlog
C:\Users\A_K_Yadav\Documents\xtra\code_practice\linkedlist_reversal\linkedlist_reversal\Debug\rc.write.1.tlog
C:\Users\A_K_Yadav\Documents\xtra\code_practice\linkedlist_reversal\linkedlist_reversal\Debug\RSAENH.DLL.bi
C:\USERS\A_K_YADAV\DOCUMENTS\XTRA\CODE_PRACTICE\LINKEDLIST_REVERSAL\LINKEDLIST_REVERSAL\DEBUG\STDAFX.OBJ
C:\Users\A_K_Yadav\Documents\xtra\code_practice\linkedlist_reversal\linkedlist_reversal\Debug\TZRES.DLL.bi
C:\USERS\A_K_YADAV\DOCUMENTS\XTRA\CODE_PRACTICE\LINKEDLIST_REVERSAL\LINKEDLIST_REVERSAL\DEBUG\VC100.PDB
