C:\USERS\A_K_YADAV\DOCUMENTS\XTRA\CODE_PRACTICE\TRIE\DEBUG\TRIE.EXE
C:\USERS\A_K_YADAV\DOCUMENTS\XTRA\CODE_PRACTICE\TRIE\DEBUG\TRIE.ILK
C:\USERS\A_K_YADAV\DOCUMENTS\XTRA\CODE_PRACTICE\TRIE\DEBUG\TRIE.PDB
C:\USERS\A_K_YADAV\DOCUMENTS\XTRA\CODE_PRACTICE\TRIE\TRIE\DEBUG\.NETFRAMEWORK,VERSION=V4.0.ASSEMBLYATTRIBUTES.OBJ
C:\USERS\A_K_YADAV\DOCUMENTS\XTRA\CODE_PRACTICE\TRIE\TRIE\DEBUG\APP.RES
C:\USERS\A_K_YADAV\DOCUMENTS\XTRA\CODE_PRACTICE\TRIE\TRIE\DEBUG\ASSEMBLYINFO.OBJ
C:\Users\A_K_Yadav\Documents\xtra\code_practice\Trie\Trie\Debug\cl.command.1.tlog
C:\Users\A_K_Yadav\Documents\xtra\code_practice\Trie\Trie\Debug\CL.read.1.tlog
C:\Users\A_K_Yadav\Documents\xtra\code_practice\Trie\Trie\Debug\CL.write.1.tlog
C:\Users\A_K_Yadav\Documents\xtra\code_practice\Trie\Trie\Debug\link.8632.read.1.tlog
C:\Users\A_K_Yadav\Documents\xtra\code_practice\Trie\Trie\Debug\link.8632.write.1.tlog
C:\Users\A_K_Yadav\Documents\xtra\code_practice\Trie\Trie\Debug\link.8632-cvtres.read.1.tlog
C:\Users\A_K_Yadav\Documents\xtra\code_practice\Trie\Trie\Debug\link.8632-cvtres.write.1.tlog
C:\Users\A_K_Yadav\Documents\xtra\code_practice\Trie\Trie\Debug\link.command.1.tlog
C:\Users\A_K_Yadav\Documents\xtra\code_practice\Trie\Trie\Debug\link.read.1.tlog
C:\Users\A_K_Yadav\Documents\xtra\code_practice\Trie\Trie\Debug\link.write.1.tlog
C:\Users\A_K_Yadav\Documents\xtra\code_practice\Trie\Trie\Debug\metagen.read.1.tlog
C:\Users\A_K_Yadav\Documents\xtra\code_practice\Trie\Trie\Debug\metagen.write.1.tlog
C:\Users\A_K_Yadav\Documents\xtra\code_practice\Trie\Trie\Debug\mt.command.1.tlog
C:\Users\A_K_Yadav\Documents\xtra\code_practice\Trie\Trie\Debug\mt.read.1.tlog
C:\Users\A_K_Yadav\Documents\xtra\code_practice\Trie\Trie\Debug\mt.write.1.tlog
C:\Users\A_K_Yadav\Documents\xtra\code_practice\Trie\Trie\Debug\rc.command.1.tlog
C:\Users\A_K_Yadav\Documents\xtra\code_practice\Trie\Trie\Debug\rc.read.1.tlog
C:\Users\A_K_Yadav\Documents\xtra\code_practice\Trie\Trie\Debug\rc.write.1.tlog
C:\Users\A_K_Yadav\Documents\xtra\code_practice\Trie\Trie\Debug\RSAENH.DLL.bi
C:\USERS\A_K_YADAV\DOCUMENTS\XTRA\CODE_PRACTICE\TRIE\TRIE\DEBUG\STDAFX.OBJ
C:\USERS\A_K_YADAV\DOCUMENTS\XTRA\CODE_PRACTICE\TRIE\TRIE\DEBUG\TRIE.EXE.INTERMEDIATE.MANIFEST
C:\USERS\A_K_YADAV\DOCUMENTS\XTRA\CODE_PRACTICE\TRIE\TRIE\DEBUG\TRIE.OBJ
C:\USERS\A_K_YADAV\DOCUMENTS\XTRA\CODE_PRACTICE\TRIE\TRIE\DEBUG\TRIE.PCH
C:\Users\A_K_Yadav\Documents\xtra\code_practice\Trie\Trie\Debug\Trie.write.1.tlog
C:\Users\A_K_Yadav\Documents\xtra\code_practice\Trie\Trie\Debug\TZRES.DLL.bi
C:\USERS\A_K_YADAV\DOCUMENTS\XTRA\CODE_PRACTICE\TRIE\TRIE\DEBUG\VC100.PDB
