C:\USERS\A_K_YADAV\DOCUMENTS\XTRA\CODE_PRACTICE\REVERSE_NUMBER\DEBUG\REVERSE_NUMBER.EXE
C:\USERS\A_K_YADAV\DOCUMENTS\XTRA\CODE_PRACTICE\REVERSE_NUMBER\DEBUG\REVERSE_NUMBER.ILK
C:\USERS\A_K_YADAV\DOCUMENTS\XTRA\CODE_PRACTICE\REVERSE_NUMBER\DEBUG\REVERSE_NUMBER.PDB
C:\Users\A_K_Yadav\Documents\xtra\code_practice\reverse_number\reverse_number\Debug\cl.command.1.tlog
C:\Users\A_K_Yadav\Documents\xtra\code_practice\reverse_number\reverse_number\Debug\CL.read.1.tlog
C:\Users\A_K_Yadav\Documents\xtra\code_practice\reverse_number\reverse_number\Debug\CL.write.1.tlog
C:\Users\A_K_Yadav\Documents\xtra\code_practice\reverse_number\reverse_number\Debug\link.11544.read.1.tlog
C:\Users\A_K_Yadav\Documents\xtra\code_practice\reverse_number\reverse_number\Debug\link.11544.write.1.tlog
C:\Users\A_K_Yadav\Documents\xtra\code_practice\reverse_number\reverse_number\Debug\link.11544-cvtres.read.1.tlog
C:\Users\A_K_Yadav\Documents\xtra\code_practice\reverse_number\reverse_number\Debug\link.11544-cvtres.write.1.tlog
C:\Users\A_K_Yadav\Documents\xtra\code_practice\reverse_number\reverse_number\Debug\link.command.1.tlog
C:\Users\A_K_Yadav\Documents\xtra\code_practice\reverse_number\reverse_number\Debug\link.read.1.tlog
C:\Users\A_K_Yadav\Documents\xtra\code_practice\reverse_number\reverse_number\Debug\link.write.1.tlog
C:\Users\A_K_Yadav\Documents\xtra\code_practice\reverse_number\reverse_number\Debug\link-cvtres.read.1.tlog
C:\Users\A_K_Yadav\Documents\xtra\code_practice\reverse_number\reverse_number\Debug\link-cvtres.write.1.tlog
C:\Users\A_K_Yadav\Documents\xtra\code_practice\reverse_number\reverse_number\Debug\mt.command.1.tlog
C:\Users\A_K_Yadav\Documents\xtra\code_practice\reverse_number\reverse_number\Debug\mt.read.1.tlog
C:\Users\A_K_Yadav\Documents\xtra\code_practice\reverse_number\reverse_number\Debug\mt.write.1.tlog
C:\Users\A_K_Yadav\Documents\xtra\code_practice\reverse_number\reverse_number\Debug\rc.command.1.tlog
C:\Users\A_K_Yadav\Documents\xtra\code_practice\reverse_number\reverse_number\Debug\rc.read.1.tlog
C:\Users\A_K_Yadav\Documents\xtra\code_practice\reverse_number\reverse_number\Debug\rc.write.1.tlog
C:\USERS\A_K_YADAV\DOCUMENTS\XTRA\CODE_PRACTICE\REVERSE_NUMBER\REVERSE_NUMBER\DEBUG\REVERSE_NUMBER.EXE.EMBED.MANIFEST
C:\USERS\A_K_YADAV\DOCUMENTS\XTRA\CODE_PRACTICE\REVERSE_NUMBER\REVERSE_NUMBER\DEBUG\REVERSE_NUMBER.EXE.EMBED.MANIFEST.RES
C:\USERS\A_K_YADAV\DOCUMENTS\XTRA\CODE_PRACTICE\REVERSE_NUMBER\REVERSE_NUMBER\DEBUG\REVERSE_NUMBER.EXE.INTERMEDIATE.MANIFEST
C:\USERS\A_K_YADAV\DOCUMENTS\XTRA\CODE_PRACTICE\REVERSE_NUMBER\REVERSE_NUMBER\DEBUG\REVERSE_NUMBER.OBJ
C:\USERS\A_K_YADAV\DOCUMENTS\XTRA\CODE_PRACTICE\REVERSE_NUMBER\REVERSE_NUMBER\DEBUG\REVERSE_NUMBER.PCH
C:\Users\A_K_Yadav\Documents\xtra\code_practice\reverse_number\reverse_number\Debug\reverse_number.write.1.tlog
C:\Users\A_K_Yadav\Documents\xtra\code_practice\reverse_number\reverse_number\Debug\reverse_number_manifest.rc
C:\USERS\A_K_YADAV\DOCUMENTS\XTRA\CODE_PRACTICE\REVERSE_NUMBER\REVERSE_NUMBER\DEBUG\STDAFX.OBJ
C:\Users\A_K_Yadav\Documents\xtra\code_practice\reverse_number\reverse_number\Debug\vc100.idb
C:\USERS\A_K_YADAV\DOCUMENTS\XTRA\CODE_PRACTICE\REVERSE_NUMBER\REVERSE_NUMBER\DEBUG\VC100.PDB
