Build started 3/26/2015 11:48:29 PM.
     1>Project "C:\Users\A_K_Yadav\Documents\xtra\code_practice\earth_BestInternetBrowser\earth_BestInternetBrowser\earth_BestInternetBrowser.vcxproj" on node 2 (build target(s)).
     1>InitializeBuildStatus:
         Creating "Release\earth_BestInternetBrowser.unsuccessfulbuild" because "AlwaysCreate" was specified.
       ClCompile:
         All outputs are up-to-date.
         c:\Program Files (x86)\Microsoft Visual Studio 10.0\VC\bin\CL.exe /c /Zi /nologo /W3 /WX- /O2 /Oi /Oy- /GL /D WIN32 /D NDEBUG /D _CONSOLE /D _UNICODE /D UNICODE /Gm- /EHsc /MD /GS /Gy /fp:precise /Zc:wchar_t /Zc:forScope /Yu"StdAfx.h" /Fp"Release\earth_BestInternetBrowser.pch" /Fo"Release\\" /Fd"Release\vc100.pdb" /Gd /TP /analyze- /errorReport:prompt earth_BestInternetBrowser.cpp
         earth_BestInternetBrowser.cpp
     1>earth_BestInternetBrowser.cpp(26): warning C4018: '<' : signed/unsigned mismatch
     1>earth_BestInternetBrowser.cpp(36): warning C4996: 'getch': The POSIX name for this item is deprecated. Instead, use the ISO C++ conformant name: _getch. See online help for details.
                 c:\Program Files (x86)\Microsoft Visual Studio 10.0\VC\include\conio.h(128) : see declaration of 'getch'
       Link:
         c:\Program Files (x86)\Microsoft Visual Studio 10.0\VC\bin\link.exe /ERRORREPORT:PROMPT /OUT:"C:\Users\A_K_Yadav\Documents\xtra\code_practice\earth_BestInternetBrowser\Release\earth_BestInternetBrowser.exe" /INCREMENTAL:NO /NOLOGO kernel32.lib user32.lib gdi32.lib winspool.lib comdlg32.lib advapi32.lib shell32.lib ole32.lib oleaut32.lib uuid.lib odbc32.lib odbccp32.lib /MANIFEST /ManifestFile:"Release\earth_BestInternetBrowser.exe.intermediate.manifest" /MANIFESTUAC:"level='asInvoker' uiAccess='false'" /DEBUG /PDB:"C:\Users\A_K_Yadav\Documents\xtra\code_practice\earth_BestInternetBrowser\Release\earth_BestInternetBrowser.pdb" /SUBSYSTEM:CONSOLE /OPT:REF /OPT:ICF /LTCG /TLBID:1 /DYNAMICBASE /NXCOMPAT /IMPLIB:"C:\Users\A_K_Yadav\Documents\xtra\code_practice\earth_BestInternetBrowser\Release\earth_BestInternetBrowser.lib" /MACHINE:X86 Release\earth_BestInternetBrowser.obj
         Release\stdafx.obj
         Generating code
         Finished generating code
         earth_BestInternetBrowser.vcxproj -> C:\Users\A_K_Yadav\Documents\xtra\code_practice\earth_BestInternetBrowser\Release\earth_BestInternetBrowser.exe
       Manifest:
         c:\Program Files (x86)\Microsoft SDKs\Windows\v7.0A\bin\mt.exe /nologo /verbose /outputresource:"C:\Users\A_K_Yadav\Documents\xtra\code_practice\earth_BestInternetBrowser\Release\earth_BestInternetBrowser.exe;#1" /manifest Release\earth_BestInternetBrowser.exe.intermediate.manifest
       FinalizeBuildStatus:
         Deleting file "Release\earth_BestInternetBrowser.unsuccessfulbuild".
         Touching "Release\earth_BestInternetBrowser.lastbuildstate".
     1>Done Building Project "C:\Users\A_K_Yadav\Documents\xtra\code_practice\earth_BestInternetBrowser\earth_BestInternetBrowser\earth_BestInternetBrowser.vcxproj" (build target(s)).

Build succeeded.

Time Elapsed 00:00:03.75
