Build started 3/25/2015 10:29:05 PM.
     1>Project "C:\Users\A_K_Yadav\Documents\xtra\code_practice\gfg_TopologicalSort\gfg_TopologicalSort\gfg_TopologicalSort.vcxproj" on node 2 (build target(s)).
     1>PrepareForBuild:
         Creating directory "C:\Users\A_K_Yadav\Documents\xtra\code_practice\gfg_TopologicalSort\Release\".
       InitializeBuildStatus:
         Creating "Release\gfg_TopologicalSort.unsuccessfulbuild" because "AlwaysCreate" was specified.
       ClCompile:
         c:\Program Files (x86)\Microsoft Visual Studio 10.0\VC\bin\CL.exe /c /Zi /nologo /W3 /WX- /O2 /Oi /Oy- /GL /D WIN32 /D NDEBUG /D _CONSOLE /D _UNICODE /D UNICODE /Gm- /EHsc /MD /GS /Gy /fp:precise /Zc:wchar_t /Zc:forScope /Yc"StdAfx.h" /Fp"Release\gfg_TopologicalSort.pch" /Fo"Release\\" /Fd"Release\vc100.pdb" /Gd /TP /analyze- /errorReport:prompt stdafx.cpp
         stdafx.cpp
         c:\Program Files (x86)\Microsoft Visual Studio 10.0\VC\bin\CL.exe /c /Zi /nologo /W3 /WX- /O2 /Oi /Oy- /GL /D WIN32 /D NDEBUG /D _CONSOLE /D _UNICODE /D UNICODE /Gm- /EHsc /MD /GS /Gy /fp:precise /Zc:wchar_t /Zc:forScope /Yu"StdAfx.h" /Fp"Release\gfg_TopologicalSort.pch" /Fo"Release\\" /Fd"Release\vc100.pdb" /Gd /TP /analyze- /errorReport:prompt gfg_TopologicalSort.cpp
         gfg_TopologicalSort.cpp
     1>gfg_TopologicalSort.cpp(78): warning C4996: 'getch': The POSIX name for this item is deprecated. Instead, use the ISO C++ conformant name: _getch. See online help for details.
                 c:\Program Files (x86)\Microsoft Visual Studio 10.0\VC\include\conio.h(128) : see declaration of 'getch'
       Link:
         c:\Program Files (x86)\Microsoft Visual Studio 10.0\VC\bin\link.exe /ERRORREPORT:PROMPT /OUT:"C:\Users\A_K_Yadav\Documents\xtra\code_practice\gfg_TopologicalSort\Release\gfg_TopologicalSort.exe" /INCREMENTAL:NO /NOLOGO kernel32.lib user32.lib gdi32.lib winspool.lib comdlg32.lib advapi32.lib shell32.lib ole32.lib oleaut32.lib uuid.lib odbc32.lib odbccp32.lib /MANIFEST /ManifestFile:"Release\gfg_TopologicalSort.exe.intermediate.manifest" /MANIFESTUAC:"level='asInvoker' uiAccess='false'" /DEBUG /PDB:"C:\Users\A_K_Yadav\Documents\xtra\code_practice\gfg_TopologicalSort\Release\gfg_TopologicalSort.pdb" /SUBSYSTEM:CONSOLE /OPT:REF /OPT:ICF /LTCG /TLBID:1 /DYNAMICBASE /NXCOMPAT /IMPLIB:"C:\Users\A_K_Yadav\Documents\xtra\code_practice\gfg_TopologicalSort\Release\gfg_TopologicalSort.lib" /MACHINE:X86 Release\gfg_TopologicalSort.obj
         Release\stdafx.obj
         Generating code
         Finished generating code
         gfg_TopologicalSort.vcxproj -> C:\Users\A_K_Yadav\Documents\xtra\code_practice\gfg_TopologicalSort\Release\gfg_TopologicalSort.exe
       Manifest:
         c:\Program Files (x86)\Microsoft SDKs\Windows\v7.0A\bin\mt.exe /nologo /verbose /outputresource:"C:\Users\A_K_Yadav\Documents\xtra\code_practice\gfg_TopologicalSort\Release\gfg_TopologicalSort.exe;#1" /manifest Release\gfg_TopologicalSort.exe.intermediate.manifest
       FinalizeBuildStatus:
         Deleting file "Release\gfg_TopologicalSort.unsuccessfulbuild".
         Touching "Release\gfg_TopologicalSort.lastbuildstate".
     1>Done Building Project "C:\Users\A_K_Yadav\Documents\xtra\code_practice\gfg_TopologicalSort\gfg_TopologicalSort\gfg_TopologicalSort.vcxproj" (build target(s)).

Build succeeded.

Time Elapsed 00:00:04.60
