Build started 3/23/2015 9:57:48 PM.
     1>Project "C:\Users\A_K_Yadav\Documents\xtra\code_practice\earth_sortedsubstring\earth_sortedsubstring\earth_sortedsubstring.vcxproj" on node 2 (build target(s)).
     1>InitializeBuildStatus:
         Creating "Release\earth_sortedsubstring.unsuccessfulbuild" because "AlwaysCreate" was specified.
       ClCompile:
         All outputs are up-to-date.
         c:\Program Files (x86)\Microsoft Visual Studio 10.0\VC\bin\CL.exe /c /Zi /nologo /W3 /WX- /O2 /Oi /Oy- /GL /D WIN32 /D NDEBUG /D _CONSOLE /D _UNICODE /D UNICODE /Gm- /EHsc /MD /GS /Gy /fp:precise /Zc:wchar_t /Zc:forScope /Yu"StdAfx.h" /Fp"Release\earth_sortedsubstring.pch" /Fo"Release\\" /Fd"Release\vc100.pdb" /Gd /TP /analyze- /errorReport:prompt earth_sortedsubstring.cpp
         earth_sortedsubstring.cpp
     1>earth_sortedsubstring.cpp(20): warning C4996: 'gets': This function or variable may be unsafe. Consider using gets_s instead. To disable deprecation, use _CRT_SECURE_NO_WARNINGS. See online help for details.
                 c:\Program Files (x86)\Microsoft Visual Studio 10.0\VC\include\stdio.h(277) : see declaration of 'gets'
     1>earth_sortedsubstring.cpp(39): warning C4018: '<' : signed/unsigned mismatch
     1>earth_sortedsubstring.cpp(59): warning C4996: 'getch': The POSIX name for this item is deprecated. Instead, use the ISO C++ conformant name: _getch. See online help for details.
                 c:\Program Files (x86)\Microsoft Visual Studio 10.0\VC\include\conio.h(128) : see declaration of 'getch'
       Link:
         c:\Program Files (x86)\Microsoft Visual Studio 10.0\VC\bin\link.exe /ERRORREPORT:PROMPT /OUT:"C:\Users\A_K_Yadav\Documents\xtra\code_practice\earth_sortedsubstring\Release\earth_sortedsubstring.exe" /INCREMENTAL:NO /NOLOGO kernel32.lib user32.lib gdi32.lib winspool.lib comdlg32.lib advapi32.lib shell32.lib ole32.lib oleaut32.lib uuid.lib odbc32.lib odbccp32.lib /MANIFEST /ManifestFile:"Release\earth_sortedsubstring.exe.intermediate.manifest" /MANIFESTUAC:"level='asInvoker' uiAccess='false'" /DEBUG /PDB:"C:\Users\A_K_Yadav\Documents\xtra\code_practice\earth_sortedsubstring\Release\earth_sortedsubstring.pdb" /SUBSYSTEM:CONSOLE /OPT:REF /OPT:ICF /LTCG /TLBID:1 /DYNAMICBASE /NXCOMPAT /IMPLIB:"C:\Users\A_K_Yadav\Documents\xtra\code_practice\earth_sortedsubstring\Release\earth_sortedsubstring.lib" /MACHINE:X86 Release\earth_sortedsubstring.obj
         Release\stdafx.obj
         Generating code
         Finished generating code
         earth_sortedsubstring.vcxproj -> C:\Users\A_K_Yadav\Documents\xtra\code_practice\earth_sortedsubstring\Release\earth_sortedsubstring.exe
       Manifest:
         c:\Program Files (x86)\Microsoft SDKs\Windows\v7.0A\bin\mt.exe /nologo /verbose /outputresource:"C:\Users\A_K_Yadav\Documents\xtra\code_practice\earth_sortedsubstring\Release\earth_sortedsubstring.exe;#1" /manifest Release\earth_sortedsubstring.exe.intermediate.manifest
       FinalizeBuildStatus:
         Deleting file "Release\earth_sortedsubstring.unsuccessfulbuild".
         Touching "Release\earth_sortedsubstring.lastbuildstate".
     1>Done Building Project "C:\Users\A_K_Yadav\Documents\xtra\code_practice\earth_sortedsubstring\earth_sortedsubstring\earth_sortedsubstring.vcxproj" (build target(s)).

Build succeeded.

Time Elapsed 00:00:02.15
