Build started 4/24/2015 1:25:50 PM.
     1>Project "C:\Users\A_K_Yadav\Documents\xtra\portal\cpp\EmployeeRanking\EmployeeRanking\EmployeeRanking.vcxproj" on node 2 (build target(s)).
     1>InitializeBuildStatus:
         Creating "Release\EmployeeRanking.unsuccessfulbuild" because "AlwaysCreate" was specified.
       ClCompile:
         All outputs are up-to-date.
         c:\Program Files (x86)\Microsoft Visual Studio 10.0\VC\bin\CL.exe /c /Zi /nologo /W3 /WX- /O2 /Oi /Oy- /GL /D WIN32 /D NDEBUG /D _CONSOLE /D _UNICODE /D UNICODE /Gm- /EHsc /MD /GS /Gy /fp:precise /Zc:wchar_t /Zc:forScope /Yu"StdAfx.h" /Fp"Release\EmployeeRanking.pch" /Fo"Release\\" /Fd"Release\vc100.pdb" /Gd /TP /analyze- /errorReport:prompt EmployeeRanking.cpp
         EmployeeRanking.cpp
     1>EmployeeRanking.cpp(42): warning C4018: '<' : signed/unsigned mismatch
     1>EmployeeRanking.cpp(88): warning C4018: '<' : signed/unsigned mismatch
     1>EmployeeRanking.cpp(102): warning C4018: '<' : signed/unsigned mismatch
       Link:
         c:\Program Files (x86)\Microsoft Visual Studio 10.0\VC\bin\link.exe /ERRORREPORT:PROMPT /OUT:"C:\Users\A_K_Yadav\Documents\xtra\portal\cpp\EmployeeRanking\Release\EmployeeRanking.exe" /INCREMENTAL:NO /NOLOGO kernel32.lib user32.lib gdi32.lib winspool.lib comdlg32.lib advapi32.lib shell32.lib ole32.lib oleaut32.lib uuid.lib odbc32.lib odbccp32.lib /MANIFEST /ManifestFile:"Release\EmployeeRanking.exe.intermediate.manifest" /MANIFESTUAC:"level='asInvoker' uiAccess='false'" /DEBUG /PDB:"C:\Users\A_K_Yadav\Documents\xtra\portal\cpp\EmployeeRanking\Release\EmployeeRanking.pdb" /SUBSYSTEM:CONSOLE /OPT:REF /OPT:ICF /LTCG /TLBID:1 /DYNAMICBASE /NXCOMPAT /IMPLIB:"C:\Users\A_K_Yadav\Documents\xtra\portal\cpp\EmployeeRanking\Release\EmployeeRanking.lib" /MACHINE:X86 Release\EmployeeRanking.obj
         Release\stdafx.obj
         Generating code
     1>c:\users\a_k_yadav\documents\xtra\portal\cpp\employeeranking\employeeranking\employeeranking.cpp(95): warning C4715: 'HierarchyTree::search' : not all control paths return a value
         Finished generating code
         EmployeeRanking.vcxproj -> C:\Users\A_K_Yadav\Documents\xtra\portal\cpp\EmployeeRanking\Release\EmployeeRanking.exe
       Manifest:
         c:\Program Files (x86)\Microsoft SDKs\Windows\v7.0A\bin\mt.exe /nologo /verbose /outputresource:"C:\Users\A_K_Yadav\Documents\xtra\portal\cpp\EmployeeRanking\Release\EmployeeRanking.exe;#1" /manifest Release\EmployeeRanking.exe.intermediate.manifest
       FinalizeBuildStatus:
         Deleting file "Release\EmployeeRanking.unsuccessfulbuild".
         Touching "Release\EmployeeRanking.lastbuildstate".
     1>Done Building Project "C:\Users\A_K_Yadav\Documents\xtra\portal\cpp\EmployeeRanking\EmployeeRanking\EmployeeRanking.vcxproj" (build target(s)).

Build succeeded.

Time Elapsed 00:00:01.79
