C:\USERS\A_K_YADAV\DOCUMENTS\XTRA\CODE_PRACTICE\FINDING_DIST_TREE\DEBUG\FINDING_DIST_TREE.EXE
C:\USERS\A_K_YADAV\DOCUMENTS\XTRA\CODE_PRACTICE\FINDING_DIST_TREE\DEBUG\FINDING_DIST_TREE.ILK
C:\USERS\A_K_YADAV\DOCUMENTS\XTRA\CODE_PRACTICE\FINDING_DIST_TREE\DEBUG\FINDING_DIST_TREE.PDB
C:\USERS\A_K_YADAV\DOCUMENTS\XTRA\CODE_PRACTICE\FINDING_DIST_TREE\FINDING_DIST_TREE\DEBUG\.NETFRAMEWORK,VERSION=V4.0.ASSEMBLYATTRIBUTES.OBJ
C:\USERS\A_K_YADAV\DOCUMENTS\XTRA\CODE_PRACTICE\FINDING_DIST_TREE\FINDING_DIST_TREE\DEBUG\APP.RES
C:\USERS\A_K_YADAV\DOCUMENTS\XTRA\CODE_PRACTICE\FINDING_DIST_TREE\FINDING_DIST_TREE\DEBUG\ASSEMBLYINFO.OBJ
C:\Users\A_K_Yadav\Documents\xtra\code_practice\finding_dist_tree\finding_dist_tree\Debug\cl.command.1.tlog
C:\Users\A_K_Yadav\Documents\xtra\code_practice\finding_dist_tree\finding_dist_tree\Debug\CL.read.1.tlog
C:\Users\A_K_Yadav\Documents\xtra\code_practice\finding_dist_tree\finding_dist_tree\Debug\CL.write.1.tlog
C:\USERS\A_K_YADAV\DOCUMENTS\XTRA\CODE_PRACTICE\FINDING_DIST_TREE\FINDING_DIST_TREE\DEBUG\FINDING_DIST_TREE.EXE.INTERMEDIATE.MANIFEST
C:\USERS\A_K_YADAV\DOCUMENTS\XTRA\CODE_PRACTICE\FINDING_DIST_TREE\FINDING_DIST_TREE\DEBUG\FINDING_DIST_TREE.OBJ
C:\USERS\A_K_YADAV\DOCUMENTS\XTRA\CODE_PRACTICE\FINDING_DIST_TREE\FINDING_DIST_TREE\DEBUG\FINDING_DIST_TREE.PCH
C:\Users\A_K_Yadav\Documents\xtra\code_practice\finding_dist_tree\finding_dist_tree\Debug\finding_dist_tree.write.1.tlog
C:\Users\A_K_Yadav\Documents\xtra\code_practice\finding_dist_tree\finding_dist_tree\Debug\link.8276.read.1.tlog
C:\Users\A_K_Yadav\Documents\xtra\code_practice\finding_dist_tree\finding_dist_tree\Debug\link.8276.write.1.tlog
C:\Users\A_K_Yadav\Documents\xtra\code_practice\finding_dist_tree\finding_dist_tree\Debug\link.8276-cvtres.read.1.tlog
C:\Users\A_K_Yadav\Documents\xtra\code_practice\finding_dist_tree\finding_dist_tree\Debug\link.8276-cvtres.write.1.tlog
C:\Users\A_K_Yadav\Documents\xtra\code_practice\finding_dist_tree\finding_dist_tree\Debug\link.command.1.tlog
C:\Users\A_K_Yadav\Documents\xtra\code_practice\finding_dist_tree\finding_dist_tree\Debug\link.read.1.tlog
C:\Users\A_K_Yadav\Documents\xtra\code_practice\finding_dist_tree\finding_dist_tree\Debug\link.write.1.tlog
C:\Users\A_K_Yadav\Documents\xtra\code_practice\finding_dist_tree\finding_dist_tree\Debug\metagen.read.1.tlog
C:\Users\A_K_Yadav\Documents\xtra\code_practice\finding_dist_tree\finding_dist_tree\Debug\metagen.write.1.tlog
C:\Users\A_K_Yadav\Documents\xtra\code_practice\finding_dist_tree\finding_dist_tree\Debug\mt.command.1.tlog
C:\Users\A_K_Yadav\Documents\xtra\code_practice\finding_dist_tree\finding_dist_tree\Debug\mt.read.1.tlog
C:\Users\A_K_Yadav\Documents\xtra\code_practice\finding_dist_tree\finding_dist_tree\Debug\mt.write.1.tlog
C:\Users\A_K_Yadav\Documents\xtra\code_practice\finding_dist_tree\finding_dist_tree\Debug\rc.command.1.tlog
C:\Users\A_K_Yadav\Documents\xtra\code_practice\finding_dist_tree\finding_dist_tree\Debug\rc.read.1.tlog
C:\Users\A_K_Yadav\Documents\xtra\code_practice\finding_dist_tree\finding_dist_tree\Debug\rc.write.1.tlog
C:\Users\A_K_Yadav\Documents\xtra\code_practice\finding_dist_tree\finding_dist_tree\Debug\RSAENH.DLL.bi
C:\USERS\A_K_YADAV\DOCUMENTS\XTRA\CODE_PRACTICE\FINDING_DIST_TREE\FINDING_DIST_TREE\DEBUG\STDAFX.OBJ
C:\Users\A_K_Yadav\Documents\xtra\code_practice\finding_dist_tree\finding_dist_tree\Debug\TZRES.DLL.bi
C:\USERS\A_K_YADAV\DOCUMENTS\XTRA\CODE_PRACTICE\FINDING_DIST_TREE\FINDING_DIST_TREE\DEBUG\VC100.PDB
