Build started 3/11/2015 11:34:14 PM.
     1>Project "C:\Users\A_K_Yadav\Documents\xtra\code_practice\hacker_worstPermutation\hacker_worstPermutation\hacker_worstPermutation.vcxproj" on node 2 (rebuild target(s)).
     1>PrepareForBuild:
         Creating directory "C:\Users\A_K_Yadav\Documents\xtra\code_practice\hacker_worstPermutation\Debug\".
       InitializeBuildStatus:
         Creating "Debug\hacker_worstPermutation.unsuccessfulbuild" because "AlwaysCreate" was specified.
       ClCompile:
         c:\Program Files (x86)\Microsoft Visual Studio 10.0\VC\bin\CL.exe /c /ZI /nologo /W3 /WX- /Od /Oy- /D WIN32 /D _DEBUG /D _CONSOLE /D _UNICODE /D UNICODE /Gm /EHsc /RTC1 /MDd /GS /fp:precise /Zc:wchar_t /Zc:forScope /Yc"StdAfx.h" /Fp"Debug\hacker_worstPermutation.pch" /Fo"Debug\\" /Fd"Debug\vc100.pdb" /Gd /TP /analyze- /errorReport:prompt stdafx.cpp
         stdafx.cpp
         c:\Program Files (x86)\Microsoft Visual Studio 10.0\VC\bin\CL.exe /c /ZI /nologo /W3 /WX- /Od /Oy- /D WIN32 /D _DEBUG /D _CONSOLE /D _UNICODE /D UNICODE /Gm /EHsc /RTC1 /MDd /GS /fp:precise /Zc:wchar_t /Zc:forScope /Yu"StdAfx.h" /Fp"Debug\hacker_worstPermutation.pch" /Fo"Debug\\" /Fd"Debug\vc100.pdb" /Gd /TP /analyze- /errorReport:prompt hacker_worstPermutation.cpp
         hacker_worstPermutation.cpp
     1>c:\users\a_k_yadav\documents\xtra\code_practice\hacker_worstpermutation\hacker_worstpermutation\hacker_worstpermutation.cpp(37): warning C4996: 'getch': The POSIX name for this item is deprecated. Instead, use the ISO C++ conformant name: _getch. See online help for details.
                 c:\program files (x86)\microsoft visual studio 10.0\vc\include\conio.h(128) : see declaration of 'getch'
       ManifestResourceCompile:
         c:\Program Files (x86)\Microsoft SDKs\Windows\v7.0A\bin\rc.exe /nologo /fo"Debug\hacker_worstPermutation.exe.embed.manifest.res" Debug\hacker_worstPermutation_manifest.rc 
       Link:
         c:\Program Files (x86)\Microsoft Visual Studio 10.0\VC\bin\link.exe /ERRORREPORT:PROMPT /OUT:"C:\Users\A_K_Yadav\Documents\xtra\code_practice\hacker_worstPermutation\Debug\hacker_worstPermutation.exe" /INCREMENTAL /NOLOGO kernel32.lib user32.lib gdi32.lib winspool.lib comdlg32.lib advapi32.lib shell32.lib ole32.lib oleaut32.lib uuid.lib odbc32.lib odbccp32.lib /MANIFEST /ManifestFile:"Debug\hacker_worstPermutation.exe.intermediate.manifest" /MANIFESTUAC:"level='asInvoker' uiAccess='false'" /DEBUG /PDB:"C:\Users\A_K_Yadav\Documents\xtra\code_practice\hacker_worstPermutation\Debug\hacker_worstPermutation.pdb" /SUBSYSTEM:CONSOLE /TLBID:1 /DYNAMICBASE /NXCOMPAT /IMPLIB:"C:\Users\A_K_Yadav\Documents\xtra\code_practice\hacker_worstPermutation\Debug\hacker_worstPermutation.lib" /MACHINE:X86 Debug\hacker_worstPermutation.exe.embed.manifest.res
         Debug\hacker_worstPermutation.obj
         Debug\stdafx.obj
       Manifest:
         Deleting file "Debug\hacker_worstPermutation.exe.embed.manifest".
         c:\Program Files (x86)\Microsoft SDKs\Windows\v7.0A\bin\mt.exe /nologo /verbose /out:"Debug\hacker_worstPermutation.exe.embed.manifest" /manifest Debug\hacker_worstPermutation.exe.intermediate.manifest
         c:\Program Files (x86)\Microsoft SDKs\Windows\v7.0A\bin\rc.exe /nologo /fo"Debug\hacker_worstPermutation.exe.embed.manifest.res" Debug\hacker_worstPermutation_manifest.rc 
       LinkEmbedManifest:
         c:\Program Files (x86)\Microsoft Visual Studio 10.0\VC\bin\link.exe /ERRORREPORT:PROMPT /OUT:"C:\Users\A_K_Yadav\Documents\xtra\code_practice\hacker_worstPermutation\Debug\hacker_worstPermutation.exe" /INCREMENTAL /NOLOGO kernel32.lib user32.lib gdi32.lib winspool.lib comdlg32.lib advapi32.lib shell32.lib ole32.lib oleaut32.lib uuid.lib odbc32.lib odbccp32.lib /MANIFEST /ManifestFile:"Debug\hacker_worstPermutation.exe.intermediate.manifest" /MANIFESTUAC:"level='asInvoker' uiAccess='false'" /DEBUG /PDB:"C:\Users\A_K_Yadav\Documents\xtra\code_practice\hacker_worstPermutation\Debug\hacker_worstPermutation.pdb" /SUBSYSTEM:CONSOLE /TLBID:1 /DYNAMICBASE /NXCOMPAT /IMPLIB:"C:\Users\A_K_Yadav\Documents\xtra\code_practice\hacker_worstPermutation\Debug\hacker_worstPermutation.lib" /MACHINE:X86 Debug\hacker_worstPermutation.exe.embed.manifest.res
         Debug\hacker_worstPermutation.obj
         Debug\stdafx.obj
         hacker_worstPermutation.vcxproj -> C:\Users\A_K_Yadav\Documents\xtra\code_practice\hacker_worstPermutation\Debug\hacker_worstPermutation.exe
       FinalizeBuildStatus:
         Deleting file "Debug\hacker_worstPermutation.unsuccessfulbuild".
         Touching "Debug\hacker_worstPermutation.lastbuildstate".
     1>Done Building Project "C:\Users\A_K_Yadav\Documents\xtra\code_practice\hacker_worstPermutation\hacker_worstPermutation\hacker_worstPermutation.vcxproj" (rebuild target(s)).

Build succeeded.

Time Elapsed 00:00:35.52
